<?xml version="1.0" encoding="UTF-8"?>
<coverage generated="1771334097310" clover="3.2.0">
  <project timestamp="1771334097310" name="All files">
    <metrics statements="354" coveredstatements="83" conditionals="196" coveredconditionals="48" methods="43" coveredmethods="8" elements="593" coveredelements="139" complexity="0" loc="354" ncloc="354" packages="1" files="3" classes="3"/>
    <file name="background.js" path="/Users/giladshpigelman/Documents/Personal/Projects/pdf-downloader/src/background.js">
      <metrics statements="97" coveredstatements="40" conditionals="62" coveredconditionals="24" methods="12" coveredmethods="4"/>
      <line num="1" count="1" type="stmt"/>
      <line num="2" count="1" type="stmt"/>
      <line num="4" count="1" type="stmt"/>
      <line num="7" count="1" type="stmt"/>
      <line num="9" count="1" type="stmt"/>
      <line num="10" count="8" type="cond" truecount="4" falsecount="0"/>
      <line num="11" count="3" type="stmt"/>
      <line num="14" count="5" type="stmt"/>
      <line num="20" count="5" type="cond" truecount="1" falsecount="1"/>
      <line num="23" count="1" type="stmt"/>
      <line num="24" count="5" type="cond" truecount="4" falsecount="0"/>
      <line num="25" count="1" type="stmt"/>
      <line num="28" count="4" type="stmt"/>
      <line num="29" count="4" type="stmt"/>
      <line num="32" count="4" type="stmt"/>
      <line num="33" count="4" type="cond" truecount="2" falsecount="0"/>
      <line num="34" count="1" type="stmt"/>
      <line num="35" count="1" type="cond" truecount="1" falsecount="1"/>
      <line num="36" count="1" type="stmt"/>
      <line num="40" count="3" type="stmt"/>
      <line num="41" count="3" type="stmt"/>
      <line num="42" count="3" type="cond" truecount="3" falsecount="1"/>
      <line num="43" count="3" type="stmt"/>
      <line num="46" count="0" type="stmt"/>
      <line num="49" count="0" type="stmt"/>
      <line num="52" count="1" type="stmt"/>
      <line num="54" count="5" type="stmt"/>
      <line num="55" count="5" type="cond" truecount="1" falsecount="1"/>
      <line num="56" count="5" type="stmt"/>
      <line num="57" count="20" type="cond" truecount="1" falsecount="1"/>
      <line num="61" count="0" type="stmt"/>
      <line num="64" count="5" type="stmt"/>
      <line num="67" count="5" type="stmt"/>
      <line num="68" count="5" type="stmt"/>
      <line num="69" count="5" type="stmt"/>
      <line num="70" count="5" type="cond" truecount="2" falsecount="0"/>
      <line num="76" count="2" type="stmt"/>
      <line num="77" count="2" type="cond" truecount="2" falsecount="0"/>
      <line num="80" count="1" type="stmt"/>
      <line num="83" count="1" type="stmt"/>
      <line num="84" count="0" type="cond" truecount="0" falsecount="4"/>
      <line num="85" count="0" type="stmt"/>
      <line num="86" count="0" type="stmt"/>
      <line num="89" count="0" type="cond" truecount="0" falsecount="2"/>
      <line num="90" count="0" type="stmt"/>
      <line num="92" count="0" type="stmt"/>
      <line num="93" count="0" type="stmt"/>
      <line num="95" count="0" type="stmt"/>
      <line num="96" count="0" type="stmt"/>
      <line num="97" count="0" type="cond" truecount="0" falsecount="2"/>
      <line num="98" count="0" type="stmt"/>
      <line num="99" count="0" type="stmt"/>
      <line num="100" count="0" type="stmt"/>
      <line num="102" count="0" type="stmt"/>
      <line num="103" count="0" type="stmt"/>
      <line num="104" count="0" type="cond" truecount="0" falsecount="2"/>
      <line num="105" count="0" type="stmt"/>
      <line num="107" count="0" type="stmt"/>
      <line num="110" count="0" type="stmt"/>
      <line num="113" count="0" type="stmt"/>
      <line num="115" count="0" type="stmt"/>
      <line num="116" count="0" type="cond" truecount="0" falsecount="2"/>
      <line num="117" count="0" type="stmt"/>
      <line num="118" count="0" type="stmt"/>
      <line num="119" count="0" type="stmt"/>
      <line num="120" count="0" type="stmt"/>
      <line num="122" count="0" type="stmt"/>
      <line num="125" count="0" type="cond" truecount="0" falsecount="2"/>
      <line num="126" count="0" type="stmt"/>
      <line num="129" count="0" type="stmt"/>
      <line num="131" count="0" type="stmt"/>
      <line num="133" count="0" type="stmt"/>
      <line num="141" count="0" type="cond" truecount="0" falsecount="2"/>
      <line num="142" count="0" type="stmt"/>
      <line num="144" count="0" type="stmt"/>
      <line num="147" count="0" type="stmt"/>
      <line num="148" count="0" type="cond" truecount="0" falsecount="4"/>
      <line num="149" count="0" type="stmt"/>
      <line num="151" count="0" type="stmt"/>
      <line num="158" count="0" type="cond" truecount="0" falsecount="2"/>
      <line num="159" count="0" type="stmt"/>
      <line num="160" count="0" type="stmt"/>
      <line num="163" count="0" type="stmt"/>
      <line num="167" count="1" type="stmt"/>
      <line num="168" count="0" type="cond" truecount="0" falsecount="2"/>
      <line num="169" count="0" type="cond" truecount="0" falsecount="2"/>
      <line num="170" count="0" type="cond" truecount="0" falsecount="4"/>
      <line num="171" count="0" type="stmt"/>
      <line num="172" count="0" type="stmt"/>
      <line num="175" count="0" type="stmt"/>
      <line num="176" count="0" type="stmt"/>
      <line num="178" count="0" type="stmt"/>
      <line num="179" count="0" type="cond" truecount="0" falsecount="2"/>
      <line num="182" count="0" type="stmt"/>
      <line num="185" count="0" type="stmt"/>
      <line num="189" count="1" type="cond" truecount="3" falsecount="1"/>
      <line num="190" count="1" type="stmt"/>
    </file>
    <file name="content.js" path="/Users/giladshpigelman/Documents/Personal/Projects/pdf-downloader/src/content.js">
      <metrics statements="247" coveredstatements="37" conditionals="126" coveredconditionals="19" methods="31" coveredmethods="4"/>
      <line num="1" count="1" type="stmt"/>
      <line num="2" count="0" type="cond" truecount="0" falsecount="3"/>
      <line num="4" count="1" type="stmt"/>
      <line num="8" count="2" type="stmt"/>
      <line num="10" count="2" type="cond" truecount="2" falsecount="0"/>
      <line num="11" count="1" type="stmt"/>
      <line num="12" count="1" type="cond" truecount="1" falsecount="1"/>
      <line num="13" count="1" type="stmt"/>
      <line num="14" count="1" type="cond" truecount="1" falsecount="1"/>
      <line num="15" count="1" type="stmt"/>
      <line num="20" count="1" type="stmt"/>
      <line num="23" count="1" type="stmt"/>
      <line num="24" count="3" type="stmt"/>
      <line num="25" count="3" type="cond" truecount="4" falsecount="0"/>
      <line num="27" count="2" type="stmt"/>
      <line num="32" count="2" type="cond" truecount="1" falsecount="1"/>
      <line num="33" count="2" type="stmt"/>
      <line num="37" count="1" type="cond" truecount="1" falsecount="1"/>
      <line num="40" count="1" type="stmt"/>
      <line num="41" count="6" type="cond" truecount="2" falsecount="0"/>
      <line num="42" count="1" type="stmt"/>
      <line num="45" count="5" type="stmt"/>
      <line num="48" count="5" type="stmt"/>
      <line num="49" count="5" type="cond" truecount="1" falsecount="1"/>
      <line num="50" count="5" type="stmt"/>
      <line num="51" count="5" type="cond" truecount="3" falsecount="1"/>
      <line num="52" count="5" type="stmt"/>
      <line num="57" count="0" type="stmt"/>
      <line num="61" count="5" type="stmt"/>
      <line num="62" count="5" type="stmt"/>
      <line num="65" count="1" type="stmt"/>
      <line num="66" count="0" type="cond" truecount="0" falsecount="2"/>
      <line num="67" count="0" type="stmt"/>
      <line num="70" count="0" type="stmt"/>
      <line num="73" count="1" type="stmt"/>
      <line num="75" count="0" type="cond" truecount="0" falsecount="2"/>
      <line num="76" count="0" type="stmt"/>
      <line num="77" count="0" type="stmt"/>
      <line num="78" count="0" type="stmt"/>
      <line num="81" count="0" type="stmt"/>
      <line num="82" count="0" type="stmt"/>
      <line num="83" count="0" type="stmt"/>
      <line num="84" count="0" type="stmt"/>
      <line num="85" count="0" type="stmt"/>
      <line num="86" count="0" type="stmt"/>
      <line num="87" count="0" type="stmt"/>
      <line num="89" count="0" type="stmt"/>
      <line num="90" count="0" type="stmt"/>
      <line num="92" count="0" type="stmt"/>
      <line num="93" count="0" type="stmt"/>
      <line num="94" count="0" type="stmt"/>
      <line num="97" count="0" type="stmt"/>
      <line num="99" count="0" type="stmt"/>
      <line num="100" count="0" type="cond" truecount="0" falsecount="2"/>
      <line num="102" count="0" type="stmt"/>
      <line num="103" count="0" type="stmt"/>
      <line num="104" count="0" type="cond" truecount="0" falsecount="2"/>
      <line num="106" count="0" type="stmt"/>
      <line num="107" count="0" type="stmt"/>
      <line num="110" count="0" type="stmt"/>
      <line num="111" count="0" type="stmt"/>
      <line num="112" count="0" type="stmt"/>
      <line num="117" count="0" type="cond" truecount="0" falsecount="4"/>
      <line num="118" count="0" type="stmt"/>
      <line num="121" count="0" type="stmt"/>
      <line num="122" count="0" type="stmt"/>
      <line num="129" count="0" type="stmt"/>
      <line num="130" count="0" type="stmt"/>
      <line num="132" count="0" type="stmt"/>
      <line num="133" count="0" type="stmt"/>
      <line num="138" count="0" type="stmt"/>
      <line num="140" count="0" type="stmt"/>
      <line num="142" count="0" type="cond" truecount="0" falsecount="2"/>
      <line num="143" count="0" type="stmt"/>
      <line num="146" count="0" type="stmt"/>
      <line num="147" count="0" type="cond" truecount="0" falsecount="2"/>
      <line num="148" count="0" type="stmt"/>
      <line num="151" count="0" type="stmt"/>
      <line num="152" count="0" type="stmt"/>
      <line num="153" count="0" type="stmt"/>
      <line num="156" count="0" type="stmt"/>
      <line num="160" count="0" type="cond" truecount="0" falsecount="2"/>
      <line num="161" count="0" type="stmt"/>
      <line num="162" count="0" type="stmt"/>
      <line num="165" count="0" type="stmt"/>
      <line num="171" count="0" type="stmt"/>
      <line num="172" count="0" type="stmt"/>
      <line num="175" count="0" type="stmt"/>
      <line num="176" count="0" type="stmt"/>
      <line num="178" count="0" type="cond" truecount="0" falsecount="5"/>
      <line num="179" count="0" type="stmt"/>
      <line num="180" count="0" type="stmt"/>
      <line num="181" count="0" type="stmt"/>
      <line num="182" count="0" type="stmt"/>
      <line num="187" count="0" type="cond" truecount="0" falsecount="2"/>
      <line num="188" count="0" type="stmt"/>
      <line num="191" count="0" type="stmt"/>
      <line num="192" count="0" type="stmt"/>
      <line num="193" count="0" type="stmt"/>
      <line num="195" count="0" type="stmt"/>
      <line num="196" count="0" type="stmt"/>
      <line num="197" count="0" type="stmt"/>
      <line num="198" count="0" type="stmt"/>
      <line num="199" count="0" type="stmt"/>
      <line num="200" count="0" type="stmt"/>
      <line num="201" count="0" type="stmt"/>
      <line num="203" count="0" type="stmt"/>
      <line num="208" count="0" type="stmt"/>
      <line num="210" count="0" type="stmt"/>
      <line num="212" count="0" type="stmt"/>
      <line num="214" count="0" type="stmt"/>
      <line num="217" count="0" type="cond" truecount="0" falsecount="2"/>
      <line num="218" count="0" type="stmt"/>
      <line num="221" count="1" type="stmt"/>
      <line num="222" count="0" type="stmt"/>
      <line num="224" count="0" type="stmt"/>
      <line num="225" count="0" type="cond" truecount="0" falsecount="2"/>
      <line num="226" count="0" type="stmt"/>
      <line num="227" count="0" type="stmt"/>
      <line num="231" count="0" type="stmt"/>
      <line num="233" count="0" type="cond" truecount="0" falsecount="2"/>
      <line num="234" count="0" type="stmt"/>
      <line num="238" count="0" type="stmt"/>
      <line num="239" count="0" type="stmt"/>
      <line num="240" count="0" type="cond" truecount="0" falsecount="2"/>
      <line num="241" count="0" type="stmt"/>
      <line num="243" count="0" type="cond" truecount="0" falsecount="2"/>
      <line num="245" count="0" type="stmt"/>
      <line num="246" count="0" type="stmt"/>
      <line num="250" count="1" type="stmt"/>
      <line num="251" count="0" type="stmt"/>
      <line num="253" count="0" type="stmt"/>
      <line num="254" count="0" type="stmt"/>
      <line num="256" count="0" type="cond" truecount="0" falsecount="2"/>
      <line num="258" count="0" type="stmt"/>
      <line num="259" count="0" type="stmt"/>
      <line num="260" count="0" type="stmt"/>
      <line num="261" count="0" type="stmt"/>
      <line num="264" count="0" type="cond" truecount="0" falsecount="2"/>
      <line num="265" count="0" type="stmt"/>
      <line num="267" count="0" type="cond" truecount="0" falsecount="2"/>
      <line num="268" count="0" type="stmt"/>
      <line num="269" count="0" type="stmt"/>
      <line num="271" count="0" type="stmt"/>
      <line num="272" count="0" type="stmt"/>
      <line num="273" count="0" type="stmt"/>
      <line num="274" count="0" type="stmt"/>
      <line num="277" count="0" type="cond" truecount="0" falsecount="2"/>
      <line num="278" count="0" type="stmt"/>
      <line num="288" count="0" type="stmt"/>
      <line num="291" count="1" type="stmt"/>
      <line num="292" count="0" type="stmt"/>
      <line num="293" count="0" type="stmt"/>
      <line num="295" count="0" type="stmt"/>
      <line num="296" count="0" type="stmt"/>
      <line num="297" count="0" type="cond" truecount="0" falsecount="2"/>
      <line num="298" count="0" type="stmt"/>
      <line num="299" count="0" type="cond" truecount="0" falsecount="2"/>
      <line num="300" count="0" type="stmt"/>
      <line num="305" count="0" type="stmt"/>
      <line num="306" count="0" type="cond" truecount="0" falsecount="2"/>
      <line num="308" count="0" type="stmt"/>
      <line num="311" count="1" type="stmt"/>
      <line num="314" count="0" type="cond" truecount="0" falsecount="2"/>
      <line num="323" count="0" type="stmt"/>
      <line num="326" count="0" type="cond" truecount="0" falsecount="2"/>
      <line num="328" count="0" type="cond" truecount="0" falsecount="2"/>
      <line num="330" count="0" type="stmt"/>
      <line num="333" count="0" type="stmt"/>
      <line num="334" count="0" type="stmt"/>
      <line num="335" count="0" type="stmt"/>
      <line num="336" count="0" type="stmt"/>
      <line num="337" count="0" type="stmt"/>
      <line num="338" count="0" type="stmt"/>
      <line num="339" count="0" type="stmt"/>
      <line num="341" count="0" type="stmt"/>
      <line num="342" count="0" type="stmt"/>
      <line num="344" count="0" type="stmt"/>
      <line num="345" count="0" type="stmt"/>
      <line num="346" count="0" type="cond" truecount="0" falsecount="2"/>
      <line num="347" count="0" type="stmt"/>
      <line num="348" count="0" type="stmt"/>
      <line num="349" count="0" type="cond" truecount="0" falsecount="2"/>
      <line num="350" count="0" type="stmt"/>
      <line num="355" count="0" type="stmt"/>
      <line num="356" count="0" type="stmt"/>
      <line num="358" count="0" type="stmt"/>
      <line num="359" count="0" type="stmt"/>
      <line num="364" count="0" type="stmt"/>
      <line num="367" count="0" type="stmt"/>
      <line num="368" count="0" type="stmt"/>
      <line num="370" count="0" type="stmt"/>
      <line num="372" count="0" type="cond" truecount="0" falsecount="2"/>
      <line num="373" count="0" type="stmt"/>
      <line num="374" count="0" type="cond" truecount="0" falsecount="2"/>
      <line num="376" count="0" type="cond" truecount="0" falsecount="2"/>
      <line num="377" count="0" type="cond" truecount="0" falsecount="2"/>
      <line num="378" count="0" type="stmt"/>
      <line num="383" count="0" type="stmt"/>
      <line num="384" count="0" type="cond" truecount="0" falsecount="2"/>
      <line num="385" count="0" type="stmt"/>
      <line num="386" count="0" type="stmt"/>
      <line num="387" count="0" type="stmt"/>
      <line num="391" count="0" type="stmt"/>
      <line num="392" count="0" type="cond" truecount="0" falsecount="2"/>
      <line num="393" count="0" type="stmt"/>
      <line num="394" count="0" type="cond" truecount="0" falsecount="2"/>
      <line num="395" count="0" type="stmt"/>
      <line num="396" count="0" type="stmt"/>
      <line num="398" count="0" type="cond" truecount="0" falsecount="2"/>
      <line num="399" count="0" type="stmt"/>
      <line num="400" count="0" type="cond" truecount="0" falsecount="2"/>
      <line num="401" count="0" type="stmt"/>
      <line num="408" count="0" type="cond" truecount="0" falsecount="2"/>
      <line num="409" count="0" type="stmt"/>
      <line num="410" count="0" type="stmt"/>
      <line num="411" count="0" type="stmt"/>
      <line num="412" count="0" type="stmt"/>
      <line num="416" count="0" type="stmt"/>
      <line num="417" count="0" type="stmt"/>
      <line num="418" count="0" type="stmt"/>
      <line num="421" count="1" type="stmt"/>
      <line num="422" count="0" type="cond" truecount="0" falsecount="2"/>
      <line num="423" count="0" type="stmt"/>
      <line num="424" count="0" type="cond" truecount="0" falsecount="2"/>
      <line num="426" count="0" type="stmt"/>
      <line num="431" count="0" type="stmt"/>
      <line num="434" count="0" type="cond" truecount="0" falsecount="2"/>
      <line num="435" count="0" type="cond" truecount="0" falsecount="2"/>
      <line num="437" count="0" type="stmt"/>
      <line num="438" count="0" type="stmt"/>
      <line num="440" count="0" type="stmt"/>
      <line num="445" count="0" type="stmt"/>
      <line num="446" count="0" type="stmt"/>
      <line num="452" count="0" type="stmt"/>
      <line num="455" count="0" type="cond" truecount="0" falsecount="2"/>
      <line num="456" count="0" type="cond" truecount="0" falsecount="4"/>
      <line num="460" count="0" type="stmt"/>
      <line num="462" count="0" type="stmt"/>
      <line num="464" count="0" type="stmt"/>
      <line num="465" count="0" type="cond" truecount="0" falsecount="2"/>
      <line num="466" count="0" type="stmt"/>
      <line num="474" count="0" type="stmt"/>
      <line num="475" count="0" type="stmt"/>
      <line num="481" count="0" type="stmt"/>
      <line num="486" count="1" type="cond" truecount="3" falsecount="1"/>
      <line num="487" count="1" type="stmt"/>
    </file>
    <file name="utils.js" path="/Users/giladshpigelman/Documents/Personal/Projects/pdf-downloader/src/utils.js">
      <metrics statements="10" coveredstatements="6" conditionals="8" coveredconditionals="5" methods="0" coveredmethods="0"/>
      <line num="7" count="1" type="stmt"/>
      <line num="36" count="1" type="stmt"/>
      <line num="46" count="1" type="cond" truecount="1" falsecount="1"/>
      <line num="47" count="0" type="stmt"/>
      <line num="48" count="0" type="stmt"/>
      <line num="51" count="1" type="cond" truecount="1" falsecount="1"/>
      <line num="52" count="0" type="stmt"/>
      <line num="53" count="0" type="stmt"/>
      <line num="56" count="1" type="cond" truecount="3" falsecount="1"/>
      <line num="57" count="1" type="stmt"/>
    </file>
  </project>
</coverage>
