{"/Users/giladshpigelman/Documents/Personal/Projects/pdf-downloader/src/background.js": {"path":"/Users/giladshpigelman/Documents/Personal/Projects/pdf-downloader/src/background.js","statementMap":{"0":{"start":{"line":1,"column":0},"end":{"line":5,"column":1}},"1":{"start":{"line":2,"column":2},"end":{"line":2,"column":28}},"2":{"start":{"line":4,"column":2},"end":{"line":4,"column":62}},"3":{"start":{"line":7,"column":33},"end":{"line":7,"column":34}},"4":{"start":{"line":9,"column":26},"end":{"line":21,"column":1}},"5":{"start":{"line":10,"column":2},"end":{"line":12,"column":3}},"6":{"start":{"line":11,"column":4},"end":{"line":11,"column":21}},"7":{"start":{"line":14,"column":20},"end":{"line":18,"column":17}},"8":{"start":{"line":20,"column":2},"end":{"line":20,"column":32}},"9":{"start":{"line":23,"column":27},"end":{"line":50,"column":1}},"10":{"start":{"line":24,"column":2},"end":{"line":26,"column":3}},"11":{"start":{"line":25,"column":4},"end":{"line":25,"column":32}},"12":{"start":{"line":28,"column":2},"end":{"line":47,"column":3}},"13":{"start":{"line":29,"column":19},"end":{"line":29,"column":31}},"14":{"start":{"line":32,"column":22},"end":{"line":32,"column":53}},"15":{"start":{"line":33,"column":4},"end":{"line":38,"column":5}},"16":{"start":{"line":34,"column":23},"end":{"line":34,"column":65}},"17":{"start":{"line":35,"column":6},"end":{"line":37,"column":7}},"18":{"start":{"line":36,"column":8},"end":{"line":36,"column":44}},"19":{"start":{"line":40,"column":21},"end":{"line":40,"column":36}},"20":{"start":{"line":41,"column":17},"end":{"line":41,"column":58}},"21":{"start":{"line":42,"column":4},"end":{"line":44,"column":5}},"22":{"start":{"line":43,"column":6},"end":{"line":43,"column":38}},"23":{"start":{"line":46,"column":4},"end":{"line":46,"column":68}},"24":{"start":{"line":49,"column":2},"end":{"line":49,"column":30}},"25":{"start":{"line":52,"column":25},"end":{"line":81,"column":1}},"26":{"start":{"line":54,"column":24},"end":{"line":54,"column":26}},"27":{"start":{"line":55,"column":2},"end":{"line":62,"column":3}},"28":{"start":{"line":56,"column":4},"end":{"line":58,"column":7}},"29":{"start":{"line":57,"column":6},"end":{"line":57,"column":66}},"30":{"start":{"line":57,"column":27},"end":{"line":57,"column":66}},"31":{"start":{"line":61,"column":4},"end":{"line":61,"column":54}},"32":{"start":{"line":64,"column":19},"end":{"line":64,"column":70}},"33":{"start":{"line":67,"column":2},"end":{"line":73,"column":3}},"34":{"start":{"line":68,"column":21},"end":{"line":68,"column":42}},"35":{"start":{"line":69,"column":18},"end":{"line":69,"column":42}},"36":{"start":{"line":70,"column":4},"end":{"line":70,"column":45}},"37":{"start":{"line":70,"column":15},"end":{"line":70,"column":45}},"38":{"start":{"line":76,"column":21},"end":{"line":76,"column":42}},"39":{"start":{"line":77,"column":2},"end":{"line":77,"column":53}},"40":{"start":{"line":77,"column":18},"end":{"line":77,"column":53}},"41":{"start":{"line":80,"column":2},"end":{"line":80,"column":15}},"42":{"start":{"line":83,"column":23},"end":{"line":165,"column":1}},"43":{"start":{"line":84,"column":2},"end":{"line":87,"column":3}},"44":{"start":{"line":85,"column":4},"end":{"line":85,"column":54}},"45":{"start":{"line":86,"column":4},"end":{"line":86,"column":29}},"46":{"start":{"line":89,"column":21},"end":{"line":89,"column":71}},"47":{"start":{"line":90,"column":22},"end":{"line":90,"column":24}},"48":{"start":{"line":92,"column":17},"end":{"line":92,"column":18}},"49":{"start":{"line":93,"column":14},"end":{"line":93,"column":15}},"50":{"start":{"line":95,"column":2},"end":{"line":164,"column":5}},"51":{"start":{"line":96,"column":22},"end":{"line":156,"column":5}},"52":{"start":{"line":97,"column":6},"end":{"line":155,"column":7}},"53":{"start":{"line":98,"column":21},"end":{"line":98,"column":35}},"54":{"start":{"line":99,"column":40},"end":{"line":99,"column":44}},"55":{"start":{"line":100,"column":8},"end":{"line":100,"column":22}},"56":{"start":{"line":102,"column":23},"end":{"line":102,"column":28}},"57":{"start":{"line":103,"column":20},"end":{"line":103,"column":41}},"58":{"start":{"line":104,"column":8},"end":{"line":108,"column":9}},"59":{"start":{"line":105,"column":10},"end":{"line":105,"column":56}},"60":{"start":{"line":107,"column":10},"end":{"line":107,"column":31}},"61":{"start":{"line":110,"column":28},"end":{"line":110,"column":54}},"62":{"start":{"line":113,"column":26},"end":{"line":113,"column":57}},"63":{"start":{"line":115,"column":27},"end":{"line":115,"column":32}},"64":{"start":{"line":116,"column":8},"end":{"line":123,"column":9}},"65":{"start":{"line":117,"column":26},"end":{"line":117,"column":28}},"66":{"start":{"line":118,"column":10},"end":{"line":118,"column":80}},"67":{"start":{"line":118,"column":49},"end":{"line":118,"column":78}},"68":{"start":{"line":119,"column":24},"end":{"line":119,"column":69}},"69":{"start":{"line":120,"column":10},"end":{"line":120,"column":46}},"70":{"start":{"line":122,"column":10},"end":{"line":122,"column":81}},"71":{"start":{"line":125,"column":8},"end":{"line":127,"column":9}},"72":{"start":{"line":126,"column":10},"end":{"line":126,"column":38}},"73":{"start":{"line":129,"column":25},"end":{"line":129,"column":67}},"74":{"start":{"line":131,"column":8},"end":{"line":131,"column":61}},"75":{"start":{"line":133,"column":8},"end":{"line":154,"column":10}},"76":{"start":{"line":141,"column":12},"end":{"line":145,"column":13}},"77":{"start":{"line":142,"column":14},"end":{"line":142,"column":86}},"78":{"start":{"line":144,"column":14},"end":{"line":144,"column":73}},"79":{"start":{"line":147,"column":12},"end":{"line":147,"column":26}},"80":{"start":{"line":148,"column":12},"end":{"line":152,"column":13}},"81":{"start":{"line":149,"column":14},"end":{"line":149,"column":24}},"82":{"start":{"line":151,"column":14},"end":{"line":151,"column":26}},"83":{"start":{"line":158,"column":4},"end":{"line":161,"column":5}},"84":{"start":{"line":159,"column":6},"end":{"line":159,"column":16}},"85":{"start":{"line":160,"column":6},"end":{"line":160,"column":13}},"86":{"start":{"line":163,"column":4},"end":{"line":163,"column":16}},"87":{"start":{"line":167,"column":0},"end":{"line":186,"column":3}},"88":{"start":{"line":168,"column":2},"end":{"line":183,"column":3}},"89":{"start":{"line":169,"column":58},"end":{"line":169,"column":65}},"90":{"start":{"line":170,"column":4},"end":{"line":173,"column":5}},"91":{"start":{"line":171,"column":6},"end":{"line":171,"column":65}},"92":{"start":{"line":172,"column":6},"end":{"line":172,"column":18}},"93":{"start":{"line":175,"column":4},"end":{"line":180,"column":9}},"94":{"start":{"line":176,"column":18},"end":{"line":176,"column":65}},"95":{"start":{"line":178,"column":8},"end":{"line":178,"column":67}},"96":{"start":{"line":179,"column":8},"end":{"line":179,"column":79}},"97":{"start":{"line":182,"column":4},"end":{"line":182,"column":16}},"98":{"start":{"line":185,"column":2},"end":{"line":185,"column":15}},"99":{"start":{"line":189,"column":0},"end":{"line":195,"column":1}},"100":{"start":{"line":190,"column":2},"end":{"line":194,"column":4}}},"fnMap":{"0":{"name":"(anonymous_0)","decl":{"start":{"line":9,"column":26},"end":{"line":9,"column":27}},"loc":{"start":{"line":9,"column":36},"end":{"line":21,"column":1}},"line":9},"1":{"name":"(anonymous_1)","decl":{"start":{"line":23,"column":27},"end":{"line":23,"column":28}},"loc":{"start":{"line":23,"column":36},"end":{"line":50,"column":1}},"line":23},"2":{"name":"(anonymous_2)","decl":{"start":{"line":52,"column":25},"end":{"line":52,"column":26}},"loc":{"start":{"line":52,"column":41},"end":{"line":81,"column":1}},"line":52},"3":{"name":"(anonymous_3)","decl":{"start":{"line":56,"column":38},"end":{"line":56,"column":39}},"loc":{"start":{"line":56,"column":46},"end":{"line":58,"column":5}},"line":56},"4":{"name":"(anonymous_4)","decl":{"start":{"line":83,"column":23},"end":{"line":83,"column":24}},"loc":{"start":{"line":83,"column":54},"end":{"line":165,"column":1}},"line":83},"5":{"name":"(anonymous_5)","decl":{"start":{"line":95,"column":21},"end":{"line":95,"column":22}},"loc":{"start":{"line":95,"column":34},"end":{"line":164,"column":3}},"line":95},"6":{"name":"(anonymous_6)","decl":{"start":{"line":96,"column":22},"end":{"line":96,"column":23}},"loc":{"start":{"line":96,"column":28},"end":{"line":156,"column":5}},"line":96},"7":{"name":"(anonymous_7)","decl":{"start":{"line":118,"column":44},"end":{"line":118,"column":45}},"loc":{"start":{"line":118,"column":49},"end":{"line":118,"column":78}},"line":118},"8":{"name":"(anonymous_8)","decl":{"start":{"line":140,"column":10},"end":{"line":140,"column":11}},"loc":{"start":{"line":140,"column":26},"end":{"line":153,"column":11}},"line":140},"9":{"name":"(anonymous_9)","decl":{"start":{"line":167,"column":37},"end":{"line":167,"column":38}},"loc":{"start":{"line":167,"column":72},"end":{"line":186,"column":1}},"line":167},"10":{"name":"(anonymous_10)","decl":{"start":{"line":176,"column":12},"end":{"line":176,"column":13}},"loc":{"start":{"line":176,"column":18},"end":{"line":176,"column":65}},"line":176},"11":{"name":"(anonymous_11)","decl":{"start":{"line":177,"column":13},"end":{"line":177,"column":14}},"loc":{"start":{"line":177,"column":24},"end":{"line":180,"column":7}},"line":177}},"branchMap":{"0":{"loc":{"start":{"line":10,"column":2},"end":{"line":12,"column":3}},"type":"if","locations":[{"start":{"line":10,"column":2},"end":{"line":12,"column":3}},{"start":{},"end":{}}],"line":10},"1":{"loc":{"start":{"line":10,"column":6},"end":{"line":10,"column":39}},"type":"binary-expr","locations":[{"start":{"line":10,"column":6},"end":{"line":10,"column":11}},{"start":{"line":10,"column":15},"end":{"line":10,"column":39}}],"line":10},"2":{"loc":{"start":{"line":20,"column":9},"end":{"line":20,"column":31}},"type":"binary-expr","locations":[{"start":{"line":20,"column":9},"end":{"line":20,"column":18}},{"start":{"line":20,"column":22},"end":{"line":20,"column":31}}],"line":20},"3":{"loc":{"start":{"line":24,"column":2},"end":{"line":26,"column":3}},"type":"if","locations":[{"start":{"line":24,"column":2},"end":{"line":26,"column":3}},{"start":{},"end":{}}],"line":24},"4":{"loc":{"start":{"line":24,"column":6},"end":{"line":24,"column":37}},"type":"binary-expr","locations":[{"start":{"line":24,"column":6},"end":{"line":24,"column":10}},{"start":{"line":24,"column":14},"end":{"line":24,"column":37}}],"line":24},"5":{"loc":{"start":{"line":33,"column":4},"end":{"line":38,"column":5}},"type":"if","locations":[{"start":{"line":33,"column":4},"end":{"line":38,"column":5}},{"start":{},"end":{}}],"line":33},"6":{"loc":{"start":{"line":35,"column":6},"end":{"line":37,"column":7}},"type":"if","locations":[{"start":{"line":35,"column":6},"end":{"line":37,"column":7}},{"start":{},"end":{}}],"line":35},"7":{"loc":{"start":{"line":42,"column":4},"end":{"line":44,"column":5}},"type":"if","locations":[{"start":{"line":42,"column":4},"end":{"line":44,"column":5}},{"start":{},"end":{}}],"line":42},"8":{"loc":{"start":{"line":42,"column":8},"end":{"line":42,"column":34}},"type":"binary-expr","locations":[{"start":{"line":42,"column":8},"end":{"line":42,"column":12}},{"start":{"line":42,"column":16},"end":{"line":42,"column":34}}],"line":42},"9":{"loc":{"start":{"line":55,"column":2},"end":{"line":62,"column":3}},"type":"if","locations":[{"start":{"line":55,"column":2},"end":{"line":62,"column":3}},{"start":{"line":59,"column":9},"end":{"line":62,"column":3}}],"line":55},"10":{"loc":{"start":{"line":57,"column":6},"end":{"line":57,"column":66}},"type":"if","locations":[{"start":{"line":57,"column":6},"end":{"line":57,"column":66}},{"start":{},"end":{}}],"line":57},"11":{"loc":{"start":{"line":70,"column":4},"end":{"line":70,"column":45}},"type":"if","locations":[{"start":{"line":70,"column":4},"end":{"line":70,"column":45}},{"start":{},"end":{}}],"line":70},"12":{"loc":{"start":{"line":77,"column":2},"end":{"line":77,"column":53}},"type":"if","locations":[{"start":{"line":77,"column":2},"end":{"line":77,"column":53}},{"start":{},"end":{}}],"line":77},"13":{"loc":{"start":{"line":84,"column":2},"end":{"line":87,"column":3}},"type":"if","locations":[{"start":{"line":84,"column":2},"end":{"line":87,"column":3}},{"start":{},"end":{}}],"line":84},"14":{"loc":{"start":{"line":84,"column":6},"end":{"line":84,"column":49}},"type":"binary-expr","locations":[{"start":{"line":84,"column":6},"end":{"line":84,"column":27}},{"start":{"line":84,"column":31},"end":{"line":84,"column":49}}],"line":84},"15":{"loc":{"start":{"line":89,"column":39},"end":{"line":89,"column":70}},"type":"binary-expr","locations":[{"start":{"line":89,"column":39},"end":{"line":89,"column":51}},{"start":{"line":89,"column":55},"end":{"line":89,"column":70}}],"line":89},"16":{"loc":{"start":{"line":97,"column":13},"end":{"line":97,"column":72}},"type":"binary-expr","locations":[{"start":{"line":97,"column":13},"end":{"line":97,"column":48}},{"start":{"line":97,"column":52},"end":{"line":97,"column":72}}],"line":97},"17":{"loc":{"start":{"line":104,"column":8},"end":{"line":108,"column":9}},"type":"if","locations":[{"start":{"line":104,"column":8},"end":{"line":108,"column":9}},{"start":{"line":106,"column":15},"end":{"line":108,"column":9}}],"line":104},"18":{"loc":{"start":{"line":116,"column":8},"end":{"line":123,"column":9}},"type":"if","locations":[{"start":{"line":116,"column":8},"end":{"line":123,"column":9}},{"start":{"line":121,"column":15},"end":{"line":123,"column":9}}],"line":116},"19":{"loc":{"start":{"line":125,"column":8},"end":{"line":127,"column":9}},"type":"if","locations":[{"start":{"line":125,"column":8},"end":{"line":127,"column":9}},{"start":{},"end":{}}],"line":125},"20":{"loc":{"start":{"line":141,"column":12},"end":{"line":145,"column":13}},"type":"if","locations":[{"start":{"line":141,"column":12},"end":{"line":145,"column":13}},{"start":{"line":143,"column":19},"end":{"line":145,"column":13}}],"line":141},"21":{"loc":{"start":{"line":148,"column":12},"end":{"line":152,"column":13}},"type":"if","locations":[{"start":{"line":148,"column":12},"end":{"line":152,"column":13}},{"start":{"line":150,"column":19},"end":{"line":152,"column":13}}],"line":148},"22":{"loc":{"start":{"line":148,"column":16},"end":{"line":148,"column":55}},"type":"binary-expr","locations":[{"start":{"line":148,"column":16},"end":{"line":148,"column":37}},{"start":{"line":148,"column":41},"end":{"line":148,"column":55}}],"line":148},"23":{"loc":{"start":{"line":158,"column":4},"end":{"line":161,"column":5}},"type":"if","locations":[{"start":{"line":158,"column":4},"end":{"line":161,"column":5}},{"start":{},"end":{}}],"line":158},"24":{"loc":{"start":{"line":168,"column":2},"end":{"line":183,"column":3}},"type":"if","locations":[{"start":{"line":168,"column":2},"end":{"line":183,"column":3}},{"start":{},"end":{}}],"line":168},"25":{"loc":{"start":{"line":169,"column":12},"end":{"line":169,"column":22}},"type":"default-arg","locations":[{"start":{"line":169,"column":20},"end":{"line":169,"column":22}}],"line":169},"26":{"loc":{"start":{"line":169,"column":24},"end":{"line":169,"column":53}},"type":"default-arg","locations":[{"start":{"line":169,"column":38},"end":{"line":169,"column":53}}],"line":169},"27":{"loc":{"start":{"line":170,"column":4},"end":{"line":173,"column":5}},"type":"if","locations":[{"start":{"line":170,"column":4},"end":{"line":173,"column":5}},{"start":{},"end":{}}],"line":170},"28":{"loc":{"start":{"line":170,"column":8},"end":{"line":170,"column":51}},"type":"binary-expr","locations":[{"start":{"line":170,"column":8},"end":{"line":170,"column":29}},{"start":{"line":170,"column":33},"end":{"line":170,"column":51}}],"line":170},"29":{"loc":{"start":{"line":179,"column":41},"end":{"line":179,"column":75}},"type":"binary-expr","locations":[{"start":{"line":179,"column":41},"end":{"line":179,"column":54}},{"start":{"line":179,"column":58},"end":{"line":179,"column":75}}],"line":179},"30":{"loc":{"start":{"line":189,"column":0},"end":{"line":195,"column":1}},"type":"if","locations":[{"start":{"line":189,"column":0},"end":{"line":195,"column":1}},{"start":{},"end":{}}],"line":189},"31":{"loc":{"start":{"line":189,"column":4},"end":{"line":189,"column":51}},"type":"binary-expr","locations":[{"start":{"line":189,"column":4},"end":{"line":189,"column":33}},{"start":{"line":189,"column":37},"end":{"line":189,"column":51}}],"line":189}},"s":{"0":1,"1":1,"2":1,"3":1,"4":1,"5":8,"6":3,"7":5,"8":5,"9":1,"10":5,"11":1,"12":4,"13":4,"14":4,"15":4,"16":1,"17":1,"18":1,"19":3,"20":3,"21":3,"22":3,"23":0,"24":0,"25":1,"26":5,"27":5,"28":5,"29":20,"30":20,"31":0,"32":5,"33":5,"34":5,"35":5,"36":5,"37":3,"38":2,"39":2,"40":1,"41":1,"42":1,"43":0,"44":0,"45":0,"46":0,"47":0,"48":0,"49":0,"50":0,"51":0,"52":0,"53":0,"54":0,"55":0,"56":0,"57":0,"58":0,"59":0,"60":0,"61":0,"62":0,"63":0,"64":0,"65":0,"66":0,"67":0,"68":0,"69":0,"70":0,"71":0,"72":0,"73":0,"74":0,"75":0,"76":0,"77":0,"78":0,"79":0,"80":0,"81":0,"82":0,"83":0,"84":0,"85":0,"86":0,"87":1,"88":0,"89":0,"90":0,"91":0,"92":0,"93":0,"94":0,"95":0,"96":0,"97":0,"98":0,"99":1,"100":1},"f":{"0":8,"1":5,"2":5,"3":20,"4":0,"5":0,"6":0,"7":0,"8":0,"9":0,"10":0,"11":0},"b":{"0":[3,5],"1":[8,5],"2":[5,0],"3":[1,4],"4":[5,4],"5":[1,3],"6":[1,0],"7":[3,0],"8":[3,3],"9":[5,0],"10":[20,0],"11":[3,2],"12":[1,1],"13":[0,0],"14":[0,0],"15":[0,0],"16":[0,0],"17":[0,0],"18":[0,0],"19":[0,0],"20":[0,0],"21":[0,0],"22":[0,0],"23":[0,0],"24":[0,0],"25":[0],"26":[0],"27":[0,0],"28":[0,0],"29":[0,0],"30":[1,0],"31":[1,1]},"_coverageSchema":"1a1c01bbd47fc00a2c39e90264f33305004495a9","hash":"0c791393bf6e1a9a7988dde33a446ade85631374"}
,"/Users/giladshpigelman/Documents/Personal/Projects/pdf-downloader/src/content.js": {"path":"/Users/giladshpigelman/Documents/Personal/Projects/pdf-downloader/src/content.js","statementMap":{"0":{"start":{"line":1,"column":23},"end":{"line":2,"column":88}},"1":{"start":{"line":2,"column":2},"end":{"line":2,"column":88}},"2":{"start":{"line":4,"column":24},"end":{"line":21,"column":1}},"3":{"start":{"line":8,"column":18},"end":{"line":8,"column":62}},"4":{"start":{"line":10,"column":2},"end":{"line":18,"column":3}},"5":{"start":{"line":11,"column":20},"end":{"line":11,"column":59}},"6":{"start":{"line":12,"column":4},"end":{"line":17,"column":5}},"7":{"start":{"line":13,"column":20},"end":{"line":13,"column":46}},"8":{"start":{"line":14,"column":6},"end":{"line":16,"column":7}},"9":{"start":{"line":15,"column":8},"end":{"line":15,"column":21}},"10":{"start":{"line":20,"column":2},"end":{"line":20,"column":19}},"11":{"start":{"line":23,"column":25},"end":{"line":38,"column":1}},"12":{"start":{"line":24,"column":13},"end":{"line":24,"column":39}},"13":{"start":{"line":25,"column":2},"end":{"line":35,"column":3}},"14":{"start":{"line":27,"column":4},"end":{"line":30,"column":14}},"15":{"start":{"line":32,"column":4},"end":{"line":34,"column":5}},"16":{"start":{"line":33,"column":6},"end":{"line":33,"column":18}},"17":{"start":{"line":37,"column":2},"end":{"line":37,"column":69}},"18":{"start":{"line":40,"column":21},"end":{"line":63,"column":1}},"19":{"start":{"line":41,"column":2},"end":{"line":43,"column":3}},"20":{"start":{"line":42,"column":4},"end":{"line":42,"column":17}},"21":{"start":{"line":45,"column":19},"end":{"line":45,"column":36}},"22":{"start":{"line":48,"column":26},"end":{"line":48,"column":28}},"23":{"start":{"line":49,"column":2},"end":{"line":58,"column":3}},"24":{"start":{"line":50,"column":4},"end":{"line":54,"column":7}},"25":{"start":{"line":51,"column":6},"end":{"line":53,"column":7}},"26":{"start":{"line":52,"column":8},"end":{"line":52,"column":61}},"27":{"start":{"line":57,"column":4},"end":{"line":57,"column":39}},"28":{"start":{"line":61,"column":16},"end":{"line":61,"column":75}},"29":{"start":{"line":62,"column":2},"end":{"line":62,"column":30}},"30":{"start":{"line":65,"column":32},"end":{"line":71,"column":1}},"31":{"start":{"line":66,"column":2},"end":{"line":68,"column":3}},"32":{"start":{"line":67,"column":4},"end":{"line":67,"column":17}},"33":{"start":{"line":70,"column":2},"end":{"line":70,"column":48}},"34":{"start":{"line":73,"column":21},"end":{"line":219,"column":1}},"35":{"start":{"line":75,"column":22},"end":{"line":75,"column":78}},"36":{"start":{"line":76,"column":18},"end":{"line":76,"column":69}},"37":{"start":{"line":77,"column":16},"end":{"line":77,"column":18}},"38":{"start":{"line":78,"column":15},"end":{"line":78,"column":24}},"39":{"start":{"line":81,"column":28},"end":{"line":135,"column":3}},"40":{"start":{"line":82,"column":4},"end":{"line":134,"column":5}},"41":{"start":{"line":83,"column":6},"end":{"line":83,"column":59}},"42":{"start":{"line":84,"column":23},"end":{"line":84,"column":45}},"43":{"start":{"line":85,"column":19},"end":{"line":85,"column":40}},"44":{"start":{"line":86,"column":21},"end":{"line":86,"column":36}},"45":{"start":{"line":87,"column":18},"end":{"line":87,"column":59}},"46":{"start":{"line":89,"column":26},"end":{"line":89,"column":28}},"47":{"start":{"line":90,"column":24},"end":{"line":90,"column":75}},"48":{"start":{"line":92,"column":6},"end":{"line":127,"column":9}},"49":{"start":{"line":93,"column":24},"end":{"line":93,"column":37}},"50":{"start":{"line":94,"column":25},"end":{"line":94,"column":52}},"51":{"start":{"line":97,"column":25},"end":{"line":97,"column":46}},"52":{"start":{"line":99,"column":26},"end":{"line":99,"column":31}},"53":{"start":{"line":100,"column":8},"end":{"line":114,"column":9}},"54":{"start":{"line":102,"column":10},"end":{"line":108,"column":13}},"55":{"start":{"line":103,"column":27},"end":{"line":103,"column":43}},"56":{"start":{"line":104,"column":12},"end":{"line":104,"column":38}},"57":{"start":{"line":104,"column":25},"end":{"line":104,"column":38}},"58":{"start":{"line":106,"column":26},"end":{"line":106,"column":87}},"59":{"start":{"line":107,"column":12},"end":{"line":107,"column":40}},"60":{"start":{"line":110,"column":10},"end":{"line":113,"column":13}},"61":{"start":{"line":111,"column":26},"end":{"line":111,"column":61}},"62":{"start":{"line":112,"column":12},"end":{"line":112,"column":40}},"63":{"start":{"line":117,"column":8},"end":{"line":119,"column":9}},"64":{"start":{"line":118,"column":10},"end":{"line":118,"column":17}},"65":{"start":{"line":121,"column":8},"end":{"line":121,"column":26}},"66":{"start":{"line":122,"column":8},"end":{"line":126,"column":11}},"67":{"start":{"line":129,"column":6},"end":{"line":129,"column":90}},"68":{"start":{"line":130,"column":6},"end":{"line":130,"column":25}},"69":{"start":{"line":132,"column":6},"end":{"line":132,"column":63}},"70":{"start":{"line":133,"column":6},"end":{"line":133,"column":16}},"71":{"start":{"line":138,"column":24},"end":{"line":138,"column":26}},"72":{"start":{"line":140,"column":2},"end":{"line":184,"column":3}},"73":{"start":{"line":142,"column":4},"end":{"line":144,"column":5}},"74":{"start":{"line":143,"column":6},"end":{"line":143,"column":15}},"75":{"start":{"line":146,"column":17},"end":{"line":146,"column":44}},"76":{"start":{"line":147,"column":4},"end":{"line":149,"column":5}},"77":{"start":{"line":148,"column":6},"end":{"line":148,"column":15}},"78":{"start":{"line":151,"column":22},"end":{"line":151,"column":26}},"79":{"start":{"line":152,"column":4},"end":{"line":157,"column":5}},"80":{"start":{"line":153,"column":6},"end":{"line":153,"column":67}},"81":{"start":{"line":156,"column":6},"end":{"line":156,"column":15}},"82":{"start":{"line":160,"column":4},"end":{"line":173,"column":5}},"83":{"start":{"line":161,"column":22},"end":{"line":161,"column":45}},"84":{"start":{"line":162,"column":23},"end":{"line":162,"column":47}},"85":{"start":{"line":165,"column":6},"end":{"line":169,"column":16}},"86":{"start":{"line":171,"column":6},"end":{"line":171,"column":68}},"87":{"start":{"line":172,"column":6},"end":{"line":172,"column":15}},"88":{"start":{"line":175,"column":18},"end":{"line":175,"column":54}},"89":{"start":{"line":176,"column":24},"end":{"line":176,"column":60}},"90":{"start":{"line":178,"column":4},"end":{"line":183,"column":5}},"91":{"start":{"line":179,"column":6},"end":{"line":179,"column":28}},"92":{"start":{"line":180,"column":22},"end":{"line":180,"column":45}},"93":{"start":{"line":181,"column":20},"end":{"line":181,"column":44}},"94":{"start":{"line":182,"column":6},"end":{"line":182,"column":55}},"95":{"start":{"line":187,"column":2},"end":{"line":215,"column":3}},"96":{"start":{"line":188,"column":4},"end":{"line":188,"column":83}},"97":{"start":{"line":191,"column":24},"end":{"line":191,"column":25}},"98":{"start":{"line":192,"column":20},"end":{"line":192,"column":22}},"99":{"start":{"line":193,"column":16},"end":{"line":193,"column":17}},"100":{"start":{"line":195,"column":21},"end":{"line":206,"column":5}},"101":{"start":{"line":196,"column":6},"end":{"line":205,"column":7}},"102":{"start":{"line":197,"column":18},"end":{"line":197,"column":25}},"103":{"start":{"line":198,"column":18},"end":{"line":198,"column":34}},"104":{"start":{"line":199,"column":8},"end":{"line":204,"column":9}},"105":{"start":{"line":200,"column":30},"end":{"line":200,"column":85}},"106":{"start":{"line":201,"column":10},"end":{"line":201,"column":39}},"107":{"start":{"line":203,"column":10},"end":{"line":203,"column":79}},"108":{"start":{"line":208,"column":20},"end":{"line":210,"column":28}},"109":{"start":{"line":210,"column":17},"end":{"line":210,"column":27}},"110":{"start":{"line":212,"column":4},"end":{"line":212,"column":31}},"111":{"start":{"line":214,"column":4},"end":{"line":214,"column":27}},"112":{"start":{"line":217,"column":2},"end":{"line":217,"column":99}},"113":{"start":{"line":218,"column":2},"end":{"line":218,"column":15}},"114":{"start":{"line":221,"column":28},"end":{"line":248,"column":1}},"115":{"start":{"line":222,"column":2},"end":{"line":247,"column":3}},"116":{"start":{"line":224,"column":21},"end":{"line":224,"column":61}},"117":{"start":{"line":225,"column":4},"end":{"line":228,"column":5}},"118":{"start":{"line":226,"column":6},"end":{"line":226,"column":75}},"119":{"start":{"line":227,"column":6},"end":{"line":227,"column":16}},"120":{"start":{"line":231,"column":21},"end":{"line":231,"column":33}},"121":{"start":{"line":233,"column":4},"end":{"line":235,"column":5}},"122":{"start":{"line":234,"column":6},"end":{"line":234,"column":24}},"123":{"start":{"line":238,"column":21},"end":{"line":238,"column":42}},"124":{"start":{"line":239,"column":28},"end":{"line":239,"column":78}},"125":{"start":{"line":240,"column":20},"end":{"line":240,"column":57}},"126":{"start":{"line":241,"column":20},"end":{"line":241,"column":41}},"127":{"start":{"line":243,"column":4},"end":{"line":243,"column":45}},"128":{"start":{"line":245,"column":4},"end":{"line":245,"column":70}},"129":{"start":{"line":246,"column":4},"end":{"line":246,"column":14}},"130":{"start":{"line":250,"column":30},"end":{"line":289,"column":1}},"131":{"start":{"line":251,"column":19},"end":{"line":251,"column":21}},"132":{"start":{"line":253,"column":2},"end":{"line":286,"column":3}},"133":{"start":{"line":254,"column":36},"end":{"line":254,"column":40}},"134":{"start":{"line":256,"column":4},"end":{"line":285,"column":5}},"135":{"start":{"line":258,"column":23},"end":{"line":258,"column":40}},"136":{"start":{"line":259,"column":26},"end":{"line":262,"column":8}},"137":{"start":{"line":260,"column":22},"end":{"line":260,"column":57}},"138":{"start":{"line":261,"column":8},"end":{"line":261,"column":36}},"139":{"start":{"line":264,"column":6},"end":{"line":266,"column":7}},"140":{"start":{"line":265,"column":8},"end":{"line":265,"column":28}},"141":{"start":{"line":267,"column":11},"end":{"line":285,"column":5}},"142":{"start":{"line":268,"column":25},"end":{"line":268,"column":55}},"143":{"start":{"line":269,"column":6},"end":{"line":284,"column":7}},"144":{"start":{"line":271,"column":25},"end":{"line":271,"column":48}},"145":{"start":{"line":272,"column":28},"end":{"line":275,"column":10}},"146":{"start":{"line":273,"column":24},"end":{"line":273,"column":59}},"147":{"start":{"line":274,"column":10},"end":{"line":274,"column":38}},"148":{"start":{"line":277,"column":8},"end":{"line":283,"column":9}},"149":{"start":{"line":278,"column":10},"end":{"line":282,"column":13}},"150":{"start":{"line":288,"column":2},"end":{"line":288,"column":18}},"151":{"start":{"line":291,"column":24},"end":{"line":309,"column":1}},"152":{"start":{"line":292,"column":19},"end":{"line":292,"column":28}},"153":{"start":{"line":293,"column":26},"end":{"line":293,"column":80}},"154":{"start":{"line":295,"column":2},"end":{"line":303,"column":5}},"155":{"start":{"line":296,"column":24},"end":{"line":296,"column":63}},"156":{"start":{"line":297,"column":4},"end":{"line":302,"column":5}},"157":{"start":{"line":298,"column":20},"end":{"line":298,"column":50}},"158":{"start":{"line":299,"column":6},"end":{"line":301,"column":7}},"159":{"start":{"line":300,"column":8},"end":{"line":300,"column":28}},"160":{"start":{"line":305,"column":22},"end":{"line":305,"column":49}},"161":{"start":{"line":306,"column":2},"end":{"line":306,"column":101}},"162":{"start":{"line":308,"column":2},"end":{"line":308,"column":21}},"163":{"start":{"line":311,"column":40},"end":{"line":419,"column":1}},"164":{"start":{"line":314,"column":18},"end":{"line":321,"column":3}},"165":{"start":{"line":323,"column":25},"end":{"line":323,"column":34}},"166":{"start":{"line":326,"column":27},"end":{"line":326,"column":77}},"167":{"start":{"line":328,"column":22},"end":{"line":328,"column":78}},"168":{"start":{"line":330,"column":2},"end":{"line":330,"column":115}},"169":{"start":{"line":333,"column":21},"end":{"line":361,"column":3}},"170":{"start":{"line":334,"column":4},"end":{"line":360,"column":5}},"171":{"start":{"line":335,"column":6},"end":{"line":335,"column":59}},"172":{"start":{"line":336,"column":23},"end":{"line":336,"column":45}},"173":{"start":{"line":337,"column":19},"end":{"line":337,"column":40}},"174":{"start":{"line":338,"column":21},"end":{"line":338,"column":36}},"175":{"start":{"line":339,"column":18},"end":{"line":339,"column":59}},"176":{"start":{"line":341,"column":26},"end":{"line":341,"column":35}},"177":{"start":{"line":342,"column":24},"end":{"line":342,"column":63}},"178":{"start":{"line":344,"column":6},"end":{"line":353,"column":9}},"179":{"start":{"line":345,"column":22},"end":{"line":345,"column":52}},"180":{"start":{"line":346,"column":8},"end":{"line":352,"column":9}},"181":{"start":{"line":347,"column":29},"end":{"line":347,"column":37}},"182":{"start":{"line":348,"column":27},"end":{"line":348,"column":46}},"183":{"start":{"line":349,"column":10},"end":{"line":351,"column":11}},"184":{"start":{"line":350,"column":12},"end":{"line":350,"column":38}},"185":{"start":{"line":355,"column":6},"end":{"line":355,"column":79}},"186":{"start":{"line":356,"column":6},"end":{"line":356,"column":25}},"187":{"start":{"line":358,"column":6},"end":{"line":358,"column":63}},"188":{"start":{"line":359,"column":6},"end":{"line":359,"column":23}},"189":{"start":{"line":364,"column":24},"end":{"line":364,"column":26}},"190":{"start":{"line":367,"column":24},"end":{"line":367,"column":82}},"191":{"start":{"line":368,"column":2},"end":{"line":368,"column":72}},"192":{"start":{"line":370,"column":2},"end":{"line":405,"column":3}},"193":{"start":{"line":372,"column":4},"end":{"line":380,"column":5}},"194":{"start":{"line":373,"column":29},"end":{"line":373,"column":70}},"195":{"start":{"line":374,"column":6},"end":{"line":374,"column":36}},"196":{"start":{"line":374,"column":27},"end":{"line":374,"column":36}},"197":{"start":{"line":376,"column":27},"end":{"line":376,"column":100}},"198":{"start":{"line":377,"column":6},"end":{"line":379,"column":7}},"199":{"start":{"line":378,"column":8},"end":{"line":378,"column":17}},"200":{"start":{"line":383,"column":23},"end":{"line":383,"column":76}},"201":{"start":{"line":384,"column":4},"end":{"line":388,"column":5}},"202":{"start":{"line":385,"column":6},"end":{"line":385,"column":42}},"203":{"start":{"line":386,"column":6},"end":{"line":386,"column":93}},"204":{"start":{"line":387,"column":6},"end":{"line":387,"column":15}},"205":{"start":{"line":391,"column":20},"end":{"line":391,"column":57}},"206":{"start":{"line":392,"column":4},"end":{"line":404,"column":5}},"207":{"start":{"line":393,"column":20},"end":{"line":393,"column":54}},"208":{"start":{"line":394,"column":6},"end":{"line":403,"column":7}},"209":{"start":{"line":395,"column":27},"end":{"line":395,"column":35}},"210":{"start":{"line":396,"column":25},"end":{"line":396,"column":44}},"211":{"start":{"line":398,"column":8},"end":{"line":402,"column":9}},"212":{"start":{"line":399,"column":10},"end":{"line":399,"column":39}},"213":{"start":{"line":400,"column":27},"end":{"line":400,"column":71}},"214":{"start":{"line":401,"column":10},"end":{"line":401,"column":80}},"215":{"start":{"line":408,"column":2},"end":{"line":414,"column":3}},"216":{"start":{"line":409,"column":4},"end":{"line":409,"column":73}},"217":{"start":{"line":410,"column":26},"end":{"line":410,"column":74}},"218":{"start":{"line":411,"column":4},"end":{"line":413,"column":7}},"219":{"start":{"line":412,"column":6},"end":{"line":412,"column":54}},"220":{"start":{"line":412,"column":28},"end":{"line":412,"column":52}},"221":{"start":{"line":416,"column":17},"end":{"line":416,"column":50}},"222":{"start":{"line":417,"column":2},"end":{"line":417,"column":62}},"223":{"start":{"line":418,"column":2},"end":{"line":418,"column":16}},"224":{"start":{"line":421,"column":0},"end":{"line":483,"column":3}},"225":{"start":{"line":422,"column":2},"end":{"line":432,"column":3}},"226":{"start":{"line":423,"column":21},"end":{"line":423,"column":38}},"227":{"start":{"line":424,"column":24},"end":{"line":424,"column":91}},"228":{"start":{"line":426,"column":4},"end":{"line":430,"column":7}},"229":{"start":{"line":431,"column":4},"end":{"line":431,"column":16}},"230":{"start":{"line":434,"column":2},"end":{"line":453,"column":3}},"231":{"start":{"line":435,"column":21},"end":{"line":435,"column":43}},"232":{"start":{"line":437,"column":4},"end":{"line":450,"column":7}},"233":{"start":{"line":438,"column":6},"end":{"line":438,"column":76}},"234":{"start":{"line":440,"column":6},"end":{"line":443,"column":9}},"235":{"start":{"line":445,"column":6},"end":{"line":445,"column":66}},"236":{"start":{"line":446,"column":6},"end":{"line":449,"column":9}},"237":{"start":{"line":452,"column":4},"end":{"line":452,"column":16}},"238":{"start":{"line":455,"column":2},"end":{"line":482,"column":3}},"239":{"start":{"line":456,"column":22},"end":{"line":458,"column":15}},"240":{"start":{"line":460,"column":4},"end":{"line":479,"column":7}},"241":{"start":{"line":462,"column":23},"end":{"line":462,"column":84}},"242":{"start":{"line":462,"column":62},"end":{"line":462,"column":74}},"243":{"start":{"line":464,"column":6},"end":{"line":472,"column":9}},"244":{"start":{"line":465,"column":8},"end":{"line":465,"column":95}},"245":{"start":{"line":466,"column":8},"end":{"line":471,"column":11}},"246":{"start":{"line":474,"column":6},"end":{"line":474,"column":74}},"247":{"start":{"line":475,"column":6},"end":{"line":478,"column":9}},"248":{"start":{"line":481,"column":4},"end":{"line":481,"column":16}},"249":{"start":{"line":486,"column":0},"end":{"line":493,"column":1}},"250":{"start":{"line":487,"column":2},"end":{"line":492,"column":4}}},"fnMap":{"0":{"name":"(anonymous_0)","decl":{"start":{"line":1,"column":23},"end":{"line":1,"column":24}},"loc":{"start":{"line":2,"column":2},"end":{"line":2,"column":88}},"line":2},"1":{"name":"(anonymous_1)","decl":{"start":{"line":4,"column":24},"end":{"line":4,"column":25}},"loc":{"start":{"line":4,"column":37},"end":{"line":21,"column":1}},"line":4},"2":{"name":"(anonymous_2)","decl":{"start":{"line":23,"column":25},"end":{"line":23,"column":26}},"loc":{"start":{"line":23,"column":37},"end":{"line":38,"column":1}},"line":23},"3":{"name":"(anonymous_3)","decl":{"start":{"line":40,"column":21},"end":{"line":40,"column":22}},"loc":{"start":{"line":40,"column":41},"end":{"line":63,"column":1}},"line":40},"4":{"name":"(anonymous_4)","decl":{"start":{"line":50,"column":22},"end":{"line":50,"column":23}},"loc":{"start":{"line":50,"column":30},"end":{"line":54,"column":5}},"line":50},"5":{"name":"(anonymous_5)","decl":{"start":{"line":65,"column":32},"end":{"line":65,"column":33}},"loc":{"start":{"line":65,"column":41},"end":{"line":71,"column":1}},"line":65},"6":{"name":"(anonymous_6)","decl":{"start":{"line":73,"column":21},"end":{"line":73,"column":22}},"loc":{"start":{"line":73,"column":42},"end":{"line":219,"column":1}},"line":73},"7":{"name":"(anonymous_7)","decl":{"start":{"line":81,"column":28},"end":{"line":81,"column":29}},"loc":{"start":{"line":81,"column":70},"end":{"line":135,"column":3}},"line":81},"8":{"name":"(anonymous_8)","decl":{"start":{"line":92,"column":24},"end":{"line":92,"column":25}},"loc":{"start":{"line":92,"column":36},"end":{"line":127,"column":7}},"line":92},"9":{"name":"(anonymous_9)","decl":{"start":{"line":102,"column":39},"end":{"line":102,"column":40}},"loc":{"start":{"line":102,"column":47},"end":{"line":108,"column":11}},"line":102},"10":{"name":"(anonymous_10)","decl":{"start":{"line":110,"column":39},"end":{"line":110,"column":40}},"loc":{"start":{"line":110,"column":47},"end":{"line":113,"column":11}},"line":110},"11":{"name":"(anonymous_11)","decl":{"start":{"line":195,"column":21},"end":{"line":195,"column":22}},"loc":{"start":{"line":195,"column":33},"end":{"line":206,"column":5}},"line":195},"12":{"name":"(anonymous_12)","decl":{"start":{"line":210,"column":11},"end":{"line":210,"column":12}},"loc":{"start":{"line":210,"column":17},"end":{"line":210,"column":27}},"line":210},"13":{"name":"(anonymous_13)","decl":{"start":{"line":221,"column":28},"end":{"line":221,"column":29}},"loc":{"start":{"line":221,"column":43},"end":{"line":248,"column":1}},"line":221},"14":{"name":"(anonymous_14)","decl":{"start":{"line":250,"column":30},"end":{"line":250,"column":31}},"loc":{"start":{"line":250,"column":67},"end":{"line":289,"column":1}},"line":250},"15":{"name":"(anonymous_15)","decl":{"start":{"line":259,"column":41},"end":{"line":259,"column":42}},"loc":{"start":{"line":259,"column":49},"end":{"line":262,"column":7}},"line":259},"16":{"name":"(anonymous_16)","decl":{"start":{"line":272,"column":43},"end":{"line":272,"column":44}},"loc":{"start":{"line":272,"column":51},"end":{"line":275,"column":9}},"line":272},"17":{"name":"(anonymous_17)","decl":{"start":{"line":291,"column":24},"end":{"line":291,"column":25}},"loc":{"start":{"line":291,"column":30},"end":{"line":309,"column":1}},"line":291},"18":{"name":"(anonymous_18)","decl":{"start":{"line":295,"column":26},"end":{"line":295,"column":27}},"loc":{"start":{"line":295,"column":37},"end":{"line":303,"column":3}},"line":295},"19":{"name":"(anonymous_19)","decl":{"start":{"line":311,"column":40},"end":{"line":311,"column":41}},"loc":{"start":{"line":311,"column":68},"end":{"line":419,"column":1}},"line":311},"20":{"name":"(anonymous_20)","decl":{"start":{"line":333,"column":21},"end":{"line":333,"column":22}},"loc":{"start":{"line":333,"column":42},"end":{"line":361,"column":3}},"line":333},"21":{"name":"(anonymous_21)","decl":{"start":{"line":344,"column":24},"end":{"line":344,"column":25}},"loc":{"start":{"line":344,"column":31},"end":{"line":353,"column":7}},"line":344},"22":{"name":"(anonymous_22)","decl":{"start":{"line":411,"column":26},"end":{"line":411,"column":27}},"loc":{"start":{"line":411,"column":35},"end":{"line":413,"column":5}},"line":411},"23":{"name":"(anonymous_23)","decl":{"start":{"line":412,"column":20},"end":{"line":412,"column":21}},"loc":{"start":{"line":412,"column":28},"end":{"line":412,"column":52}},"line":412},"24":{"name":"(anonymous_24)","decl":{"start":{"line":421,"column":37},"end":{"line":421,"column":38}},"loc":{"start":{"line":421,"column":72},"end":{"line":483,"column":1}},"line":421},"25":{"name":"(anonymous_25)","decl":{"start":{"line":437,"column":51},"end":{"line":437,"column":52}},"loc":{"start":{"line":437,"column":69},"end":{"line":444,"column":5}},"line":437},"26":{"name":"(anonymous_26)","decl":{"start":{"line":444,"column":13},"end":{"line":444,"column":14}},"loc":{"start":{"line":444,"column":22},"end":{"line":450,"column":5}},"line":444},"27":{"name":"(anonymous_27)","decl":{"start":{"line":460,"column":33},"end":{"line":460,"column":34}},"loc":{"start":{"line":460,"column":51},"end":{"line":473,"column":5}},"line":460},"28":{"name":"(anonymous_28)","decl":{"start":{"line":462,"column":54},"end":{"line":462,"column":55}},"loc":{"start":{"line":462,"column":62},"end":{"line":462,"column":74}},"line":462},"29":{"name":"(anonymous_29)","decl":{"start":{"line":464,"column":67},"end":{"line":464,"column":68}},"loc":{"start":{"line":464,"column":78},"end":{"line":472,"column":7}},"line":464},"30":{"name":"(anonymous_30)","decl":{"start":{"line":473,"column":13},"end":{"line":473,"column":14}},"loc":{"start":{"line":473,"column":24},"end":{"line":479,"column":5}},"line":473}},"branchMap":{"0":{"loc":{"start":{"line":2,"column":2},"end":{"line":2,"column":88}},"type":"binary-expr","locations":[{"start":{"line":2,"column":2},"end":{"line":2,"column":51}},{"start":{"line":2,"column":55},"end":{"line":2,"column":69}},{"start":{"line":2,"column":73},"end":{"line":2,"column":88}}],"line":2},"1":{"loc":{"start":{"line":10,"column":2},"end":{"line":18,"column":3}},"type":"if","locations":[{"start":{"line":10,"column":2},"end":{"line":18,"column":3}},{"start":{},"end":{}}],"line":10},"2":{"loc":{"start":{"line":12,"column":4},"end":{"line":17,"column":5}},"type":"if","locations":[{"start":{"line":12,"column":4},"end":{"line":17,"column":5}},{"start":{},"end":{}}],"line":12},"3":{"loc":{"start":{"line":14,"column":6},"end":{"line":16,"column":7}},"type":"if","locations":[{"start":{"line":14,"column":6},"end":{"line":16,"column":7}},{"start":{},"end":{}}],"line":14},"4":{"loc":{"start":{"line":25,"column":2},"end":{"line":35,"column":3}},"type":"if","locations":[{"start":{"line":25,"column":2},"end":{"line":35,"column":3}},{"start":{},"end":{}}],"line":25},"5":{"loc":{"start":{"line":25,"column":6},"end":{"line":25,"column":29}},"type":"binary-expr","locations":[{"start":{"line":25,"column":6},"end":{"line":25,"column":10}},{"start":{"line":25,"column":14},"end":{"line":25,"column":29}}],"line":25},"6":{"loc":{"start":{"line":32,"column":4},"end":{"line":34,"column":5}},"type":"if","locations":[{"start":{"line":32,"column":4},"end":{"line":34,"column":5}},{"start":{},"end":{}}],"line":32},"7":{"loc":{"start":{"line":37,"column":9},"end":{"line":37,"column":68}},"type":"binary-expr","locations":[{"start":{"line":37,"column":9},"end":{"line":37,"column":54}},{"start":{"line":37,"column":58},"end":{"line":37,"column":68}}],"line":37},"8":{"loc":{"start":{"line":41,"column":2},"end":{"line":43,"column":3}},"type":"if","locations":[{"start":{"line":41,"column":2},"end":{"line":43,"column":3}},{"start":{},"end":{}}],"line":41},"9":{"loc":{"start":{"line":49,"column":2},"end":{"line":58,"column":3}},"type":"if","locations":[{"start":{"line":49,"column":2},"end":{"line":58,"column":3}},{"start":{"line":55,"column":9},"end":{"line":58,"column":3}}],"line":49},"10":{"loc":{"start":{"line":51,"column":6},"end":{"line":53,"column":7}},"type":"if","locations":[{"start":{"line":51,"column":6},"end":{"line":53,"column":7}},{"start":{},"end":{}}],"line":51},"11":{"loc":{"start":{"line":51,"column":10},"end":{"line":51,"column":57}},"type":"binary-expr","locations":[{"start":{"line":51,"column":10},"end":{"line":51,"column":26}},{"start":{"line":51,"column":30},"end":{"line":51,"column":57}}],"line":51},"12":{"loc":{"start":{"line":66,"column":2},"end":{"line":68,"column":3}},"type":"if","locations":[{"start":{"line":66,"column":2},"end":{"line":68,"column":3}},{"start":{},"end":{}}],"line":66},"13":{"loc":{"start":{"line":75,"column":22},"end":{"line":75,"column":78}},"type":"binary-expr","locations":[{"start":{"line":75,"column":22},"end":{"line":75,"column":61}},{"start":{"line":75,"column":65},"end":{"line":75,"column":78}}],"line":75},"14":{"loc":{"start":{"line":100,"column":8},"end":{"line":114,"column":9}},"type":"if","locations":[{"start":{"line":100,"column":8},"end":{"line":114,"column":9}},{"start":{"line":109,"column":15},"end":{"line":114,"column":9}}],"line":100},"15":{"loc":{"start":{"line":104,"column":12},"end":{"line":104,"column":38}},"type":"if","locations":[{"start":{"line":104,"column":12},"end":{"line":104,"column":38}},{"start":{},"end":{}}],"line":104},"16":{"loc":{"start":{"line":117,"column":8},"end":{"line":119,"column":9}},"type":"if","locations":[{"start":{"line":117,"column":8},"end":{"line":119,"column":9}},{"start":{},"end":{}}],"line":117},"17":{"loc":{"start":{"line":117,"column":12},"end":{"line":117,"column":45}},"type":"binary-expr","locations":[{"start":{"line":117,"column":12},"end":{"line":117,"column":24}},{"start":{"line":117,"column":28},"end":{"line":117,"column":45}}],"line":117},"18":{"loc":{"start":{"line":142,"column":4},"end":{"line":144,"column":5}},"type":"if","locations":[{"start":{"line":142,"column":4},"end":{"line":144,"column":5}},{"start":{},"end":{}}],"line":142},"19":{"loc":{"start":{"line":147,"column":4},"end":{"line":149,"column":5}},"type":"if","locations":[{"start":{"line":147,"column":4},"end":{"line":149,"column":5}},{"start":{},"end":{}}],"line":147},"20":{"loc":{"start":{"line":160,"column":4},"end":{"line":173,"column":5}},"type":"if","locations":[{"start":{"line":160,"column":4},"end":{"line":173,"column":5}},{"start":{},"end":{}}],"line":160},"21":{"loc":{"start":{"line":178,"column":4},"end":{"line":183,"column":5}},"type":"if","locations":[{"start":{"line":178,"column":4},"end":{"line":183,"column":5}},{"start":{},"end":{}}],"line":178},"22":{"loc":{"start":{"line":178,"column":8},"end":{"line":178,"column":56}},"type":"binary-expr","locations":[{"start":{"line":178,"column":9},"end":{"line":178,"column":14}},{"start":{"line":178,"column":18},"end":{"line":178,"column":29}},{"start":{"line":178,"column":34},"end":{"line":178,"column":56}}],"line":178},"23":{"loc":{"start":{"line":187,"column":2},"end":{"line":215,"column":3}},"type":"if","locations":[{"start":{"line":187,"column":2},"end":{"line":215,"column":3}},{"start":{},"end":{}}],"line":187},"24":{"loc":{"start":{"line":217,"column":66},"end":{"line":217,"column":95}},"type":"cond-expr","locations":[{"start":{"line":217,"column":87},"end":{"line":217,"column":89}},{"start":{"line":217,"column":92},"end":{"line":217,"column":95}}],"line":217},"25":{"loc":{"start":{"line":225,"column":4},"end":{"line":228,"column":5}},"type":"if","locations":[{"start":{"line":225,"column":4},"end":{"line":228,"column":5}},{"start":{},"end":{}}],"line":225},"26":{"loc":{"start":{"line":233,"column":4},"end":{"line":235,"column":5}},"type":"if","locations":[{"start":{"line":233,"column":4},"end":{"line":235,"column":5}},{"start":{},"end":{}}],"line":233},"27":{"loc":{"start":{"line":240,"column":20},"end":{"line":240,"column":57}},"type":"binary-expr","locations":[{"start":{"line":240,"column":20},"end":{"line":240,"column":51}},{"start":{"line":240,"column":55},"end":{"line":240,"column":57}}],"line":240},"28":{"loc":{"start":{"line":243,"column":11},"end":{"line":243,"column":44}},"type":"cond-expr","locations":[{"start":{"line":243,"column":32},"end":{"line":243,"column":39}},{"start":{"line":243,"column":42},"end":{"line":243,"column":44}}],"line":243},"29":{"loc":{"start":{"line":256,"column":4},"end":{"line":285,"column":5}},"type":"if","locations":[{"start":{"line":256,"column":4},"end":{"line":285,"column":5}},{"start":{"line":267,"column":11},"end":{"line":285,"column":5}}],"line":256},"30":{"loc":{"start":{"line":264,"column":6},"end":{"line":266,"column":7}},"type":"if","locations":[{"start":{"line":264,"column":6},"end":{"line":266,"column":7}},{"start":{},"end":{}}],"line":264},"31":{"loc":{"start":{"line":267,"column":11},"end":{"line":285,"column":5}},"type":"if","locations":[{"start":{"line":267,"column":11},"end":{"line":285,"column":5}},{"start":{},"end":{}}],"line":267},"32":{"loc":{"start":{"line":277,"column":8},"end":{"line":283,"column":9}},"type":"if","locations":[{"start":{"line":277,"column":8},"end":{"line":283,"column":9}},{"start":{},"end":{}}],"line":277},"33":{"loc":{"start":{"line":297,"column":4},"end":{"line":302,"column":5}},"type":"if","locations":[{"start":{"line":297,"column":4},"end":{"line":302,"column":5}},{"start":{},"end":{}}],"line":297},"34":{"loc":{"start":{"line":299,"column":6},"end":{"line":301,"column":7}},"type":"if","locations":[{"start":{"line":299,"column":6},"end":{"line":301,"column":7}},{"start":{},"end":{}}],"line":299},"35":{"loc":{"start":{"line":306,"column":62},"end":{"line":306,"column":97}},"type":"cond-expr","locations":[{"start":{"line":306,"column":89},"end":{"line":306,"column":91}},{"start":{"line":306,"column":94},"end":{"line":306,"column":97}}],"line":306},"36":{"loc":{"start":{"line":314,"column":18},"end":{"line":321,"column":3}},"type":"cond-expr","locations":[{"start":{"line":314,"column":61},"end":{"line":314,"column":76}},{"start":{"line":314,"column":79},"end":{"line":321,"column":3}}],"line":314},"37":{"loc":{"start":{"line":326,"column":27},"end":{"line":326,"column":77}},"type":"binary-expr","locations":[{"start":{"line":326,"column":27},"end":{"line":326,"column":44}},{"start":{"line":326,"column":48},"end":{"line":326,"column":77}}],"line":326},"38":{"loc":{"start":{"line":328,"column":22},"end":{"line":328,"column":78}},"type":"binary-expr","locations":[{"start":{"line":328,"column":22},"end":{"line":328,"column":61}},{"start":{"line":328,"column":65},"end":{"line":328,"column":78}}],"line":328},"39":{"loc":{"start":{"line":346,"column":8},"end":{"line":352,"column":9}},"type":"if","locations":[{"start":{"line":346,"column":8},"end":{"line":352,"column":9}},{"start":{},"end":{}}],"line":346},"40":{"loc":{"start":{"line":349,"column":10},"end":{"line":351,"column":11}},"type":"if","locations":[{"start":{"line":349,"column":10},"end":{"line":351,"column":11}},{"start":{},"end":{}}],"line":349},"41":{"loc":{"start":{"line":372,"column":4},"end":{"line":380,"column":5}},"type":"if","locations":[{"start":{"line":372,"column":4},"end":{"line":380,"column":5}},{"start":{},"end":{}}],"line":372},"42":{"loc":{"start":{"line":374,"column":6},"end":{"line":374,"column":36}},"type":"if","locations":[{"start":{"line":374,"column":6},"end":{"line":374,"column":36}},{"start":{},"end":{}}],"line":374},"43":{"loc":{"start":{"line":376,"column":27},"end":{"line":376,"column":100}},"type":"binary-expr","locations":[{"start":{"line":376,"column":27},"end":{"line":376,"column":94}},{"start":{"line":376,"column":98},"end":{"line":376,"column":100}}],"line":376},"44":{"loc":{"start":{"line":377,"column":6},"end":{"line":379,"column":7}},"type":"if","locations":[{"start":{"line":377,"column":6},"end":{"line":379,"column":7}},{"start":{},"end":{}}],"line":377},"45":{"loc":{"start":{"line":384,"column":4},"end":{"line":388,"column":5}},"type":"if","locations":[{"start":{"line":384,"column":4},"end":{"line":388,"column":5}},{"start":{},"end":{}}],"line":384},"46":{"loc":{"start":{"line":392,"column":4},"end":{"line":404,"column":5}},"type":"if","locations":[{"start":{"line":392,"column":4},"end":{"line":404,"column":5}},{"start":{},"end":{}}],"line":392},"47":{"loc":{"start":{"line":394,"column":6},"end":{"line":403,"column":7}},"type":"if","locations":[{"start":{"line":394,"column":6},"end":{"line":403,"column":7}},{"start":{},"end":{}}],"line":394},"48":{"loc":{"start":{"line":398,"column":8},"end":{"line":402,"column":9}},"type":"if","locations":[{"start":{"line":398,"column":8},"end":{"line":402,"column":9}},{"start":{},"end":{}}],"line":398},"49":{"loc":{"start":{"line":400,"column":27},"end":{"line":400,"column":71}},"type":"binary-expr","locations":[{"start":{"line":400,"column":27},"end":{"line":400,"column":65}},{"start":{"line":400,"column":69},"end":{"line":400,"column":71}}],"line":400},"50":{"loc":{"start":{"line":408,"column":2},"end":{"line":414,"column":3}},"type":"if","locations":[{"start":{"line":408,"column":2},"end":{"line":414,"column":3}},{"start":{},"end":{}}],"line":408},"51":{"loc":{"start":{"line":422,"column":2},"end":{"line":432,"column":3}},"type":"if","locations":[{"start":{"line":422,"column":2},"end":{"line":432,"column":3}},{"start":{},"end":{}}],"line":422},"52":{"loc":{"start":{"line":424,"column":24},"end":{"line":424,"column":91}},"type":"binary-expr","locations":[{"start":{"line":424,"column":24},"end":{"line":424,"column":72}},{"start":{"line":424,"column":76},"end":{"line":424,"column":91}}],"line":424},"53":{"loc":{"start":{"line":434,"column":2},"end":{"line":453,"column":3}},"type":"if","locations":[{"start":{"line":434,"column":2},"end":{"line":453,"column":3}},{"start":{},"end":{}}],"line":434},"54":{"loc":{"start":{"line":435,"column":21},"end":{"line":435,"column":43}},"type":"binary-expr","locations":[{"start":{"line":435,"column":21},"end":{"line":435,"column":37}},{"start":{"line":435,"column":41},"end":{"line":435,"column":43}}],"line":435},"55":{"loc":{"start":{"line":455,"column":2},"end":{"line":482,"column":3}},"type":"if","locations":[{"start":{"line":455,"column":2},"end":{"line":482,"column":3}},{"start":{},"end":{}}],"line":455},"56":{"loc":{"start":{"line":456,"column":22},"end":{"line":458,"column":15}},"type":"cond-expr","locations":[{"start":{"line":457,"column":8},"end":{"line":457,"column":25}},{"start":{"line":458,"column":8},"end":{"line":458,"column":15}}],"line":456},"57":{"loc":{"start":{"line":456,"column":22},"end":{"line":456,"column":82}},"type":"binary-expr","locations":[{"start":{"line":456,"column":22},"end":{"line":456,"column":54}},{"start":{"line":456,"column":58},"end":{"line":456,"column":82}}],"line":456},"58":{"loc":{"start":{"line":465,"column":62},"end":{"line":465,"column":91}},"type":"cond-expr","locations":[{"start":{"line":465,"column":83},"end":{"line":465,"column":85}},{"start":{"line":465,"column":88},"end":{"line":465,"column":91}}],"line":465},"59":{"loc":{"start":{"line":477,"column":15},"end":{"line":477,"column":62}},"type":"binary-expr","locations":[{"start":{"line":477,"column":15},"end":{"line":477,"column":28}},{"start":{"line":477,"column":32},"end":{"line":477,"column":62}}],"line":477},"60":{"loc":{"start":{"line":486,"column":0},"end":{"line":493,"column":1}},"type":"if","locations":[{"start":{"line":486,"column":0},"end":{"line":493,"column":1}},{"start":{},"end":{}}],"line":486},"61":{"loc":{"start":{"line":486,"column":4},"end":{"line":486,"column":51}},"type":"binary-expr","locations":[{"start":{"line":486,"column":4},"end":{"line":486,"column":33}},{"start":{"line":486,"column":37},"end":{"line":486,"column":51}}],"line":486}},"s":{"0":1,"1":0,"2":1,"3":2,"4":2,"5":1,"6":1,"7":1,"8":1,"9":1,"10":1,"11":1,"12":3,"13":3,"14":2,"15":2,"16":2,"17":1,"18":1,"19":6,"20":1,"21":5,"22":5,"23":5,"24":5,"25":5,"26":5,"27":0,"28":5,"29":5,"30":1,"31":0,"32":0,"33":0,"34":1,"35":0,"36":0,"37":0,"38":0,"39":0,"40":0,"41":0,"42":0,"43":0,"44":0,"45":0,"46":0,"47":0,"48":0,"49":0,"50":0,"51":0,"52":0,"53":0,"54":0,"55":0,"56":0,"57":0,"58":0,"59":0,"60":0,"61":0,"62":0,"63":0,"64":0,"65":0,"66":0,"67":0,"68":0,"69":0,"70":0,"71":0,"72":0,"73":0,"74":0,"75":0,"76":0,"77":0,"78":0,"79":0,"80":0,"81":0,"82":0,"83":0,"84":0,"85":0,"86":0,"87":0,"88":0,"89":0,"90":0,"91":0,"92":0,"93":0,"94":0,"95":0,"96":0,"97":0,"98":0,"99":0,"100":0,"101":0,"102":0,"103":0,"104":0,"105":0,"106":0,"107":0,"108":0,"109":0,"110":0,"111":0,"112":0,"113":0,"114":1,"115":0,"116":0,"117":0,"118":0,"119":0,"120":0,"121":0,"122":0,"123":0,"124":0,"125":0,"126":0,"127":0,"128":0,"129":0,"130":1,"131":0,"132":0,"133":0,"134":0,"135":0,"136":0,"137":0,"138":0,"139":0,"140":0,"141":0,"142":0,"143":0,"144":0,"145":0,"146":0,"147":0,"148":0,"149":0,"150":0,"151":1,"152":0,"153":0,"154":0,"155":0,"156":0,"157":0,"158":0,"159":0,"160":0,"161":0,"162":0,"163":1,"164":0,"165":0,"166":0,"167":0,"168":0,"169":0,"170":0,"171":0,"172":0,"173":0,"174":0,"175":0,"176":0,"177":0,"178":0,"179":0,"180":0,"181":0,"182":0,"183":0,"184":0,"185":0,"186":0,"187":0,"188":0,"189":0,"190":0,"191":0,"192":0,"193":0,"194":0,"195":0,"196":0,"197":0,"198":0,"199":0,"200":0,"201":0,"202":0,"203":0,"204":0,"205":0,"206":0,"207":0,"208":0,"209":0,"210":0,"211":0,"212":0,"213":0,"214":0,"215":0,"216":0,"217":0,"218":0,"219":0,"220":0,"221":0,"222":0,"223":0,"224":1,"225":0,"226":0,"227":0,"228":0,"229":0,"230":0,"231":0,"232":0,"233":0,"234":0,"235":0,"236":0,"237":0,"238":0,"239":0,"240":0,"241":0,"242":0,"243":0,"244":0,"245":0,"246":0,"247":0,"248":0,"249":1,"250":1},"f":{"0":0,"1":2,"2":3,"3":6,"4":5,"5":0,"6":0,"7":0,"8":0,"9":0,"10":0,"11":0,"12":0,"13":0,"14":0,"15":0,"16":0,"17":0,"18":0,"19":0,"20":0,"21":0,"22":0,"23":0,"24":0,"25":0,"26":0,"27":0,"28":0,"29":0,"30":0},"b":{"0":[0,0,0],"1":[1,1],"2":[1,0],"3":[1,0],"4":[2,1],"5":[3,2],"6":[2,0],"7":[1,0],"8":[1,5],"9":[5,0],"10":[5,0],"11":[5,5],"12":[0,0],"13":[0,0],"14":[0,0],"15":[0,0],"16":[0,0],"17":[0,0],"18":[0,0],"19":[0,0],"20":[0,0],"21":[0,0],"22":[0,0,0],"23":[0,0],"24":[0,0],"25":[0,0],"26":[0,0],"27":[0,0],"28":[0,0],"29":[0,0],"30":[0,0],"31":[0,0],"32":[0,0],"33":[0,0],"34":[0,0],"35":[0,0],"36":[0,0],"37":[0,0],"38":[0,0],"39":[0,0],"40":[0,0],"41":[0,0],"42":[0,0],"43":[0,0],"44":[0,0],"45":[0,0],"46":[0,0],"47":[0,0],"48":[0,0],"49":[0,0],"50":[0,0],"51":[0,0],"52":[0,0],"53":[0,0],"54":[0,0],"55":[0,0],"56":[0,0],"57":[0,0],"58":[0,0],"59":[0,0],"60":[1,0],"61":[1,1]},"_coverageSchema":"1a1c01bbd47fc00a2c39e90264f33305004495a9","hash":"3d6c8be49c26c66ddd05de531345895126a3aa68"}
,"/Users/giladshpigelman/Documents/Personal/Projects/pdf-downloader/src/utils.js": {"path":"/Users/giladshpigelman/Documents/Personal/Projects/pdf-downloader/src/utils.js","statementMap":{"0":{"start":{"line":7,"column":19},"end":{"line":34,"column":1}},"1":{"start":{"line":36,"column":24},"end":{"line":43,"column":1}},"2":{"start":{"line":46,"column":0},"end":{"line":49,"column":1}},"3":{"start":{"line":47,"column":4},"end":{"line":47,"column":33}},"4":{"start":{"line":48,"column":4},"end":{"line":48,"column":43}},"5":{"start":{"line":51,"column":0},"end":{"line":54,"column":1}},"6":{"start":{"line":52,"column":4},"end":{"line":52,"column":35}},"7":{"start":{"line":53,"column":4},"end":{"line":53,"column":45}},"8":{"start":{"line":56,"column":0},"end":{"line":61,"column":1}},"9":{"start":{"line":57,"column":4},"end":{"line":60,"column":6}}},"fnMap":{},"branchMap":{"0":{"loc":{"start":{"line":46,"column":0},"end":{"line":49,"column":1}},"type":"if","locations":[{"start":{"line":46,"column":0},"end":{"line":49,"column":1}},{"start":{},"end":{}}],"line":46},"1":{"loc":{"start":{"line":51,"column":0},"end":{"line":54,"column":1}},"type":"if","locations":[{"start":{"line":51,"column":0},"end":{"line":54,"column":1}},{"start":{},"end":{}}],"line":51},"2":{"loc":{"start":{"line":56,"column":0},"end":{"line":61,"column":1}},"type":"if","locations":[{"start":{"line":56,"column":0},"end":{"line":61,"column":1}},{"start":{},"end":{}}],"line":56},"3":{"loc":{"start":{"line":56,"column":4},"end":{"line":56,"column":51}},"type":"binary-expr","locations":[{"start":{"line":56,"column":4},"end":{"line":56,"column":33}},{"start":{"line":56,"column":37},"end":{"line":56,"column":51}}],"line":56}},"s":{"0":1,"1":1,"2":1,"3":0,"4":0,"5":1,"6":0,"7":0,"8":1,"9":1},"f":{},"b":{"0":[0,1],"1":[0,1],"2":[1,0],"3":[1,1]},"_coverageSchema":"1a1c01bbd47fc00a2c39e90264f33305004495a9","hash":"d2921be32e6800e93152e825843b3637e2173064"}
}
