{"/Users/giladshpigelman/Documents/Personal/Projects/pdf-downloader/src/background.js": {"path":"/Users/giladshpigelman/Documents/Personal/Projects/pdf-downloader/src/background.js","statementMap":{"0":{"start":{"line":1,"column":0},"end":{"line":5,"column":1}},"1":{"start":{"line":2,"column":2},"end":{"line":2,"column":28}},"2":{"start":{"line":4,"column":2},"end":{"line":4,"column":62}},"3":{"start":{"line":7,"column":33},"end":{"line":7,"column":34}},"4":{"start":{"line":9,"column":26},"end":{"line":21,"column":1}},"5":{"start":{"line":10,"column":2},"end":{"line":12,"column":3}},"6":{"start":{"line":11,"column":4},"end":{"line":11,"column":21}},"7":{"start":{"line":14,"column":20},"end":{"line":18,"column":17}},"8":{"start":{"line":20,"column":2},"end":{"line":20,"column":32}},"9":{"start":{"line":23,"column":27},"end":{"line":50,"column":1}},"10":{"start":{"line":24,"column":2},"end":{"line":26,"column":3}},"11":{"start":{"line":25,"column":4},"end":{"line":25,"column":32}},"12":{"start":{"line":28,"column":2},"end":{"line":47,"column":3}},"13":{"start":{"line":29,"column":19},"end":{"line":29,"column":31}},"14":{"start":{"line":32,"column":22},"end":{"line":32,"column":53}},"15":{"start":{"line":33,"column":4},"end":{"line":38,"column":5}},"16":{"start":{"line":34,"column":23},"end":{"line":34,"column":65}},"17":{"start":{"line":35,"column":6},"end":{"line":37,"column":7}},"18":{"start":{"line":36,"column":8},"end":{"line":36,"column":44}},"19":{"start":{"line":40,"column":21},"end":{"line":40,"column":36}},"20":{"start":{"line":41,"column":17},"end":{"line":41,"column":58}},"21":{"start":{"line":42,"column":4},"end":{"line":44,"column":5}},"22":{"start":{"line":43,"column":6},"end":{"line":43,"column":38}},"23":{"start":{"line":46,"column":4},"end":{"line":46,"column":68}},"24":{"start":{"line":49,"column":2},"end":{"line":49,"column":30}},"25":{"start":{"line":52,"column":25},"end":{"line":81,"column":1}},"26":{"start":{"line":54,"column":24},"end":{"line":54,"column":26}},"27":{"start":{"line":55,"column":2},"end":{"line":62,"column":3}},"28":{"start":{"line":56,"column":4},"end":{"line":58,"column":7}},"29":{"start":{"line":57,"column":6},"end":{"line":57,"column":66}},"30":{"start":{"line":57,"column":27},"end":{"line":57,"column":66}},"31":{"start":{"line":61,"column":4},"end":{"line":61,"column":54}},"32":{"start":{"line":64,"column":19},"end":{"line":64,"column":70}},"33":{"start":{"line":67,"column":2},"end":{"line":73,"column":3}},"34":{"start":{"line":68,"column":21},"end":{"line":68,"column":42}},"35":{"start":{"line":69,"column":18},"end":{"line":69,"column":42}},"36":{"start":{"line":70,"column":4},"end":{"line":70,"column":45}},"37":{"start":{"line":70,"column":15},"end":{"line":70,"column":45}},"38":{"start":{"line":76,"column":21},"end":{"line":76,"column":42}},"39":{"start":{"line":77,"column":2},"end":{"line":77,"column":53}},"40":{"start":{"line":77,"column":18},"end":{"line":77,"column":53}},"41":{"start":{"line":80,"column":2},"end":{"line":80,"column":15}},"42":{"start":{"line":83,"column":23},"end":{"line":165,"column":1}},"43":{"start":{"line":84,"column":2},"end":{"line":87,"column":3}},"44":{"start":{"line":85,"column":4},"end":{"line":85,"column":54}},"45":{"start":{"line":86,"column":4},"end":{"line":86,"column":29}},"46":{"start":{"line":89,"column":21},"end":{"line":89,"column":71}},"47":{"start":{"line":90,"column":22},"end":{"line":90,"column":24}},"48":{"start":{"line":92,"column":17},"end":{"line":92,"column":18}},"49":{"start":{"line":93,"column":14},"end":{"line":93,"column":15}},"50":{"start":{"line":95,"column":2},"end":{"line":164,"column":5}},"51":{"start":{"line":96,"column":22},"end":{"line":156,"column":5}},"52":{"start":{"line":97,"column":6},"end":{"line":155,"column":7}},"53":{"start":{"line":98,"column":21},"end":{"line":98,"column":35}},"54":{"start":{"line":99,"column":40},"end":{"line":99,"column":44}},"55":{"start":{"line":100,"column":8},"end":{"line":100,"column":22}},"56":{"start":{"line":102,"column":23},"end":{"line":102,"column":28}},"57":{"start":{"line":103,"column":20},"end":{"line":103,"column":41}},"58":{"start":{"line":104,"column":8},"end":{"line":108,"column":9}},"59":{"start":{"line":105,"column":10},"end":{"line":105,"column":56}},"60":{"start":{"line":107,"column":10},"end":{"line":107,"column":31}},"61":{"start":{"line":110,"column":28},"end":{"line":110,"column":54}},"62":{"start":{"line":113,"column":26},"end":{"line":113,"column":57}},"63":{"start":{"line":115,"column":27},"end":{"line":115,"column":32}},"64":{"start":{"line":116,"column":8},"end":{"line":123,"column":9}},"65":{"start":{"line":117,"column":26},"end":{"line":117,"column":28}},"66":{"start":{"line":118,"column":10},"end":{"line":118,"column":80}},"67":{"start":{"line":118,"column":49},"end":{"line":118,"column":78}},"68":{"start":{"line":119,"column":24},"end":{"line":119,"column":69}},"69":{"start":{"line":120,"column":10},"end":{"line":120,"column":46}},"70":{"start":{"line":122,"column":10},"end":{"line":122,"column":81}},"71":{"start":{"line":125,"column":8},"end":{"line":127,"column":9}},"72":{"start":{"line":126,"column":10},"end":{"line":126,"column":38}},"73":{"start":{"line":129,"column":25},"end":{"line":129,"column":67}},"74":{"start":{"line":131,"column":8},"end":{"line":131,"column":61}},"75":{"start":{"line":133,"column":8},"end":{"line":154,"column":10}},"76":{"start":{"line":141,"column":12},"end":{"line":145,"column":13}},"77":{"start":{"line":142,"column":14},"end":{"line":142,"column":86}},"78":{"start":{"line":144,"column":14},"end":{"line":144,"column":73}},"79":{"start":{"line":147,"column":12},"end":{"line":147,"column":26}},"80":{"start":{"line":148,"column":12},"end":{"line":152,"column":13}},"81":{"start":{"line":149,"column":14},"end":{"line":149,"column":24}},"82":{"start":{"line":151,"column":14},"end":{"line":151,"column":26}},"83":{"start":{"line":158,"column":4},"end":{"line":161,"column":5}},"84":{"start":{"line":159,"column":6},"end":{"line":159,"column":16}},"85":{"start":{"line":160,"column":6},"end":{"line":160,"column":13}},"86":{"start":{"line":163,"column":4},"end":{"line":163,"column":16}},"87":{"start":{"line":167,"column":0},"end":{"line":186,"column":3}},"88":{"start":{"line":168,"column":2},"end":{"line":183,"column":3}},"89":{"start":{"line":169,"column":58},"end":{"line":169,"column":65}},"90":{"start":{"line":170,"column":4},"end":{"line":173,"column":5}},"91":{"start":{"line":171,"column":6},"end":{"line":171,"column":65}},"92":{"start":{"line":172,"column":6},"end":{"line":172,"column":18}},"93":{"start":{"line":175,"column":4},"end":{"line":180,"column":9}},"94":{"start":{"line":176,"column":18},"end":{"line":176,"column":65}},"95":{"start":{"line":178,"column":8},"end":{"line":178,"column":67}},"96":{"start":{"line":179,"column":8},"end":{"line":179,"column":79}},"97":{"start":{"line":182,"column":4},"end":{"line":182,"column":16}},"98":{"start":{"line":185,"column":2},"end":{"line":185,"column":15}},"99":{"start":{"line":189,"column":0},"end":{"line":195,"column":1}},"100":{"start":{"line":190,"column":2},"end":{"line":194,"column":4}}},"fnMap":{"0":{"name":"(anonymous_0)","decl":{"start":{"line":9,"column":26},"end":{"line":9,"column":27}},"loc":{"start":{"line":9,"column":36},"end":{"line":21,"column":1}},"line":9},"1":{"name":"(anonymous_1)","decl":{"start":{"line":23,"column":27},"end":{"line":23,"column":28}},"loc":{"start":{"line":23,"column":36},"end":{"line":50,"column":1}},"line":23},"2":{"name":"(anonymous_2)","decl":{"start":{"line":52,"column":25},"end":{"line":52,"column":26}},"loc":{"start":{"line":52,"column":41},"end":{"line":81,"column":1}},"line":52},"3":{"name":"(anonymous_3)","decl":{"start":{"line":56,"column":38},"end":{"line":56,"column":39}},"loc":{"start":{"line":56,"column":46},"end":{"line":58,"column":5}},"line":56},"4":{"name":"(anonymous_4)","decl":{"start":{"line":83,"column":23},"end":{"line":83,"column":24}},"loc":{"start":{"line":83,"column":54},"end":{"line":165,"column":1}},"line":83},"5":{"name":"(anonymous_5)","decl":{"start":{"line":95,"column":21},"end":{"line":95,"column":22}},"loc":{"start":{"line":95,"column":34},"end":{"line":164,"column":3}},"line":95},"6":{"name":"(anonymous_6)","decl":{"start":{"line":96,"column":22},"end":{"line":96,"column":23}},"loc":{"start":{"line":96,"column":28},"end":{"line":156,"column":5}},"line":96},"7":{"name":"(anonymous_7)","decl":{"start":{"line":118,"column":44},"end":{"line":118,"column":45}},"loc":{"start":{"line":118,"column":49},"end":{"line":118,"column":78}},"line":118},"8":{"name":"(anonymous_8)","decl":{"start":{"line":140,"column":10},"end":{"line":140,"column":11}},"loc":{"start":{"line":140,"column":26},"end":{"line":153,"column":11}},"line":140},"9":{"name":"(anonymous_9)","decl":{"start":{"line":167,"column":37},"end":{"line":167,"column":38}},"loc":{"start":{"line":167,"column":72},"end":{"line":186,"column":1}},"line":167},"10":{"name":"(anonymous_10)","decl":{"start":{"line":176,"column":12},"end":{"line":176,"column":13}},"loc":{"start":{"line":176,"column":18},"end":{"line":176,"column":65}},"line":176},"11":{"name":"(anonymous_11)","decl":{"start":{"line":177,"column":13},"end":{"line":177,"column":14}},"loc":{"start":{"line":177,"column":24},"end":{"line":180,"column":7}},"line":177}},"branchMap":{"0":{"loc":{"start":{"line":10,"column":2},"end":{"line":12,"column":3}},"type":"if","locations":[{"start":{"line":10,"column":2},"end":{"line":12,"column":3}},{"start":{},"end":{}}],"line":10},"1":{"loc":{"start":{"line":10,"column":6},"end":{"line":10,"column":39}},"type":"binary-expr","locations":[{"start":{"line":10,"column":6},"end":{"line":10,"column":11}},{"start":{"line":10,"column":15},"end":{"line":10,"column":39}}],"line":10},"2":{"loc":{"start":{"line":20,"column":9},"end":{"line":20,"column":31}},"type":"binary-expr","locations":[{"start":{"line":20,"column":9},"end":{"line":20,"column":18}},{"start":{"line":20,"column":22},"end":{"line":20,"column":31}}],"line":20},"3":{"loc":{"start":{"line":24,"column":2},"end":{"line":26,"column":3}},"type":"if","locations":[{"start":{"line":24,"column":2},"end":{"line":26,"column":3}},{"start":{},"end":{}}],"line":24},"4":{"loc":{"start":{"line":24,"column":6},"end":{"line":24,"column":37}},"type":"binary-expr","locations":[{"start":{"line":24,"column":6},"end":{"line":24,"column":10}},{"start":{"line":24,"column":14},"end":{"line":24,"column":37}}],"line":24},"5":{"loc":{"start":{"line":33,"column":4},"end":{"line":38,"column":5}},"type":"if","locations":[{"start":{"line":33,"column":4},"end":{"line":38,"column":5}},{"start":{},"end":{}}],"line":33},"6":{"loc":{"start":{"line":35,"column":6},"end":{"line":37,"column":7}},"type":"if","locations":[{"start":{"line":35,"column":6},"end":{"line":37,"column":7}},{"start":{},"end":{}}],"line":35},"7":{"loc":{"start":{"line":42,"column":4},"end":{"line":44,"column":5}},"type":"if","locations":[{"start":{"line":42,"column":4},"end":{"line":44,"column":5}},{"start":{},"end":{}}],"line":42},"8":{"loc":{"start":{"line":42,"column":8},"end":{"line":42,"column":34}},"type":"binary-expr","locations":[{"start":{"line":42,"column":8},"end":{"line":42,"column":12}},{"start":{"line":42,"column":16},"end":{"line":42,"column":34}}],"line":42},"9":{"loc":{"start":{"line":55,"column":2},"end":{"line":62,"column":3}},"type":"if","locations":[{"start":{"line":55,"column":2},"end":{"line":62,"column":3}},{"start":{"line":59,"column":9},"end":{"line":62,"column":3}}],"line":55},"10":{"loc":{"start":{"line":57,"column":6},"end":{"line":57,"column":66}},"type":"if","locations":[{"start":{"line":57,"column":6},"end":{"line":57,"column":66}},{"start":{},"end":{}}],"line":57},"11":{"loc":{"start":{"line":70,"column":4},"end":{"line":70,"column":45}},"type":"if","locations":[{"start":{"line":70,"column":4},"end":{"line":70,"column":45}},{"start":{},"end":{}}],"line":70},"12":{"loc":{"start":{"line":77,"column":2},"end":{"line":77,"column":53}},"type":"if","locations":[{"start":{"line":77,"column":2},"end":{"line":77,"column":53}},{"start":{},"end":{}}],"line":77},"13":{"loc":{"start":{"line":84,"column":2},"end":{"line":87,"column":3}},"type":"if","locations":[{"start":{"line":84,"column":2},"end":{"line":87,"column":3}},{"start":{},"end":{}}],"line":84},"14":{"loc":{"start":{"line":84,"column":6},"end":{"line":84,"column":49}},"type":"binary-expr","locations":[{"start":{"line":84,"column":6},"end":{"line":84,"column":27}},{"start":{"line":84,"column":31},"end":{"line":84,"column":49}}],"line":84},"15":{"loc":{"start":{"line":89,"column":39},"end":{"line":89,"column":70}},"type":"binary-expr","locations":[{"start":{"line":89,"column":39},"end":{"line":89,"column":51}},{"start":{"line":89,"column":55},"end":{"line":89,"column":70}}],"line":89},"16":{"loc":{"start":{"line":97,"column":13},"end":{"line":97,"column":72}},"type":"binary-expr","locations":[{"start":{"line":97,"column":13},"end":{"line":97,"column":48}},{"start":{"line":97,"column":52},"end":{"line":97,"column":72}}],"line":97},"17":{"loc":{"start":{"line":104,"column":8},"end":{"line":108,"column":9}},"type":"if","locations":[{"start":{"line":104,"column":8},"end":{"line":108,"column":9}},{"start":{"line":106,"column":15},"end":{"line":108,"column":9}}],"line":104},"18":{"loc":{"start":{"line":116,"column":8},"end":{"line":123,"column":9}},"type":"if","locations":[{"start":{"line":116,"column":8},"end":{"line":123,"column":9}},{"start":{"line":121,"column":15},"end":{"line":123,"column":9}}],"line":116},"19":{"loc":{"start":{"line":125,"column":8},"end":{"line":127,"column":9}},"type":"if","locations":[{"start":{"line":125,"column":8},"end":{"line":127,"column":9}},{"start":{},"end":{}}],"line":125},"20":{"loc":{"start":{"line":141,"column":12},"end":{"line":145,"column":13}},"type":"if","locations":[{"start":{"line":141,"column":12},"end":{"line":145,"column":13}},{"start":{"line":143,"column":19},"end":{"line":145,"column":13}}],"line":141},"21":{"loc":{"start":{"line":148,"column":12},"end":{"line":152,"column":13}},"type":"if","locations":[{"start":{"line":148,"column":12},"end":{"line":152,"column":13}},{"start":{"line":150,"column":19},"end":{"line":152,"column":13}}],"line":148},"22":{"loc":{"start":{"line":148,"column":16},"end":{"line":148,"column":55}},"type":"binary-expr","locations":[{"start":{"line":148,"column":16},"end":{"line":148,"column":37}},{"start":{"line":148,"column":41},"end":{"line":148,"column":55}}],"line":148},"23":{"loc":{"start":{"line":158,"column":4},"end":{"line":161,"column":5}},"type":"if","locations":[{"start":{"line":158,"column":4},"end":{"line":161,"column":5}},{"start":{},"end":{}}],"line":158},"24":{"loc":{"start":{"line":168,"column":2},"end":{"line":183,"column":3}},"type":"if","locations":[{"start":{"line":168,"column":2},"end":{"line":183,"column":3}},{"start":{},"end":{}}],"line":168},"25":{"loc":{"start":{"line":169,"column":12},"end":{"line":169,"column":22}},"type":"default-arg","locations":[{"start":{"line":169,"column":20},"end":{"line":169,"column":22}}],"line":169},"26":{"loc":{"start":{"line":169,"column":24},"end":{"line":169,"column":53}},"type":"default-arg","locations":[{"start":{"line":169,"column":38},"end":{"line":169,"column":53}}],"line":169},"27":{"loc":{"start":{"line":170,"column":4},"end":{"line":173,"column":5}},"type":"if","locations":[{"start":{"line":170,"column":4},"end":{"line":173,"column":5}},{"start":{},"end":{}}],"line":170},"28":{"loc":{"start":{"line":170,"column":8},"end":{"line":170,"column":51}},"type":"binary-expr","locations":[{"start":{"line":170,"column":8},"end":{"line":170,"column":29}},{"start":{"line":170,"column":33},"end":{"line":170,"column":51}}],"line":170},"29":{"loc":{"start":{"line":179,"column":41},"end":{"line":179,"column":75}},"type":"binary-expr","locations":[{"start":{"line":179,"column":41},"end":{"line":179,"column":54}},{"start":{"line":179,"column":58},"end":{"line":179,"column":75}}],"line":179},"30":{"loc":{"start":{"line":189,"column":0},"end":{"line":195,"column":1}},"type":"if","locations":[{"start":{"line":189,"column":0},"end":{"line":195,"column":1}},{"start":{},"end":{}}],"line":189},"31":{"loc":{"start":{"line":189,"column":4},"end":{"line":189,"column":51}},"type":"binary-expr","locations":[{"start":{"line":189,"column":4},"end":{"line":189,"column":33}},{"start":{"line":189,"column":37},"end":{"line":189,"column":51}}],"line":189}},"s":{"0":1,"1":1,"2":1,"3":1,"4":1,"5":8,"6":3,"7":5,"8":5,"9":1,"10":5,"11":1,"12":4,"13":4,"14":4,"15":4,"16":1,"17":1,"18":1,"19":3,"20":3,"21":3,"22":3,"23":0,"24":0,"25":1,"26":5,"27":5,"28":5,"29":20,"30":20,"31":0,"32":5,"33":5,"34":5,"35":5,"36":5,"37":3,"38":2,"39":2,"40":1,"41":1,"42":1,"43":0,"44":0,"45":0,"46":0,"47":0,"48":0,"49":0,"50":0,"51":0,"52":0,"53":0,"54":0,"55":0,"56":0,"57":0,"58":0,"59":0,"60":0,"61":0,"62":0,"63":0,"64":0,"65":0,"66":0,"67":0,"68":0,"69":0,"70":0,"71":0,"72":0,"73":0,"74":0,"75":0,"76":0,"77":0,"78":0,"79":0,"80":0,"81":0,"82":0,"83":0,"84":0,"85":0,"86":0,"87":1,"88":0,"89":0,"90":0,"91":0,"92":0,"93":0,"94":0,"95":0,"96":0,"97":0,"98":0,"99":1,"100":1},"f":{"0":8,"1":5,"2":5,"3":20,"4":0,"5":0,"6":0,"7":0,"8":0,"9":0,"10":0,"11":0},"b":{"0":[3,5],"1":[8,5],"2":[5,0],"3":[1,4],"4":[5,4],"5":[1,3],"6":[1,0],"7":[3,0],"8":[3,3],"9":[5,0],"10":[20,0],"11":[3,2],"12":[1,1],"13":[0,0],"14":[0,0],"15":[0,0],"16":[0,0],"17":[0,0],"18":[0,0],"19":[0,0],"20":[0,0],"21":[0,0],"22":[0,0],"23":[0,0],"24":[0,0],"25":[0],"26":[0],"27":[0,0],"28":[0,0],"29":[0,0],"30":[1,0],"31":[1,1]},"_coverageSchema":"1a1c01bbd47fc00a2c39e90264f33305004495a9","hash":"0c791393bf6e1a9a7988dde33a446ade85631374"}
,"/Users/giladshpigelman/Documents/Personal/Projects/pdf-downloader/src/content.js": {"path":"/Users/giladshpigelman/Documents/Personal/Projects/pdf-downloader/src/content.js","statementMap":{"0":{"start":{"line":1,"column":0},"end":{"line":7,"column":1}},"1":{"start":{"line":2,"column":2},"end":{"line":6,"column":3}},"2":{"start":{"line":3,"column":4},"end":{"line":3,"column":79}},"3":{"start":{"line":5,"column":4},"end":{"line":5,"column":47}},"4":{"start":{"line":9,"column":21},"end":{"line":10,"column":88}},"5":{"start":{"line":10,"column":2},"end":{"line":10,"column":88}},"6":{"start":{"line":12,"column":22},"end":{"line":29,"column":1}},"7":{"start":{"line":16,"column":18},"end":{"line":16,"column":62}},"8":{"start":{"line":18,"column":2},"end":{"line":26,"column":3}},"9":{"start":{"line":19,"column":20},"end":{"line":19,"column":59}},"10":{"start":{"line":20,"column":4},"end":{"line":25,"column":5}},"11":{"start":{"line":21,"column":20},"end":{"line":21,"column":46}},"12":{"start":{"line":22,"column":6},"end":{"line":24,"column":7}},"13":{"start":{"line":23,"column":8},"end":{"line":23,"column":21}},"14":{"start":{"line":28,"column":2},"end":{"line":28,"column":19}},"15":{"start":{"line":31,"column":23},"end":{"line":46,"column":1}},"16":{"start":{"line":32,"column":13},"end":{"line":32,"column":39}},"17":{"start":{"line":33,"column":2},"end":{"line":43,"column":3}},"18":{"start":{"line":35,"column":4},"end":{"line":38,"column":14}},"19":{"start":{"line":40,"column":4},"end":{"line":42,"column":5}},"20":{"start":{"line":41,"column":6},"end":{"line":41,"column":18}},"21":{"start":{"line":45,"column":2},"end":{"line":45,"column":69}},"22":{"start":{"line":48,"column":19},"end":{"line":71,"column":1}},"23":{"start":{"line":49,"column":2},"end":{"line":51,"column":3}},"24":{"start":{"line":50,"column":4},"end":{"line":50,"column":17}},"25":{"start":{"line":53,"column":19},"end":{"line":53,"column":36}},"26":{"start":{"line":56,"column":26},"end":{"line":56,"column":28}},"27":{"start":{"line":57,"column":2},"end":{"line":66,"column":3}},"28":{"start":{"line":58,"column":4},"end":{"line":62,"column":7}},"29":{"start":{"line":59,"column":6},"end":{"line":61,"column":7}},"30":{"start":{"line":60,"column":8},"end":{"line":60,"column":61}},"31":{"start":{"line":65,"column":4},"end":{"line":65,"column":39}},"32":{"start":{"line":69,"column":16},"end":{"line":69,"column":75}},"33":{"start":{"line":70,"column":2},"end":{"line":70,"column":30}},"34":{"start":{"line":73,"column":30},"end":{"line":79,"column":1}},"35":{"start":{"line":74,"column":2},"end":{"line":76,"column":3}},"36":{"start":{"line":75,"column":4},"end":{"line":75,"column":17}},"37":{"start":{"line":78,"column":2},"end":{"line":78,"column":48}},"38":{"start":{"line":81,"column":19},"end":{"line":227,"column":1}},"39":{"start":{"line":83,"column":22},"end":{"line":83,"column":78}},"40":{"start":{"line":84,"column":18},"end":{"line":84,"column":69}},"41":{"start":{"line":85,"column":16},"end":{"line":85,"column":18}},"42":{"start":{"line":86,"column":15},"end":{"line":86,"column":24}},"43":{"start":{"line":89,"column":28},"end":{"line":143,"column":3}},"44":{"start":{"line":90,"column":4},"end":{"line":142,"column":5}},"45":{"start":{"line":91,"column":6},"end":{"line":91,"column":59}},"46":{"start":{"line":92,"column":23},"end":{"line":92,"column":45}},"47":{"start":{"line":93,"column":19},"end":{"line":93,"column":40}},"48":{"start":{"line":94,"column":21},"end":{"line":94,"column":36}},"49":{"start":{"line":95,"column":18},"end":{"line":95,"column":59}},"50":{"start":{"line":97,"column":26},"end":{"line":97,"column":28}},"51":{"start":{"line":98,"column":24},"end":{"line":98,"column":75}},"52":{"start":{"line":100,"column":6},"end":{"line":135,"column":9}},"53":{"start":{"line":101,"column":24},"end":{"line":101,"column":37}},"54":{"start":{"line":102,"column":25},"end":{"line":102,"column":52}},"55":{"start":{"line":105,"column":25},"end":{"line":105,"column":46}},"56":{"start":{"line":107,"column":26},"end":{"line":107,"column":31}},"57":{"start":{"line":108,"column":8},"end":{"line":122,"column":9}},"58":{"start":{"line":110,"column":10},"end":{"line":116,"column":13}},"59":{"start":{"line":111,"column":27},"end":{"line":111,"column":43}},"60":{"start":{"line":112,"column":12},"end":{"line":112,"column":38}},"61":{"start":{"line":112,"column":25},"end":{"line":112,"column":38}},"62":{"start":{"line":114,"column":26},"end":{"line":114,"column":87}},"63":{"start":{"line":115,"column":12},"end":{"line":115,"column":40}},"64":{"start":{"line":118,"column":10},"end":{"line":121,"column":13}},"65":{"start":{"line":119,"column":26},"end":{"line":119,"column":61}},"66":{"start":{"line":120,"column":12},"end":{"line":120,"column":40}},"67":{"start":{"line":125,"column":8},"end":{"line":127,"column":9}},"68":{"start":{"line":126,"column":10},"end":{"line":126,"column":17}},"69":{"start":{"line":129,"column":8},"end":{"line":129,"column":26}},"70":{"start":{"line":130,"column":8},"end":{"line":134,"column":11}},"71":{"start":{"line":137,"column":6},"end":{"line":137,"column":90}},"72":{"start":{"line":138,"column":6},"end":{"line":138,"column":25}},"73":{"start":{"line":140,"column":6},"end":{"line":140,"column":63}},"74":{"start":{"line":141,"column":6},"end":{"line":141,"column":16}},"75":{"start":{"line":146,"column":24},"end":{"line":146,"column":26}},"76":{"start":{"line":148,"column":2},"end":{"line":192,"column":3}},"77":{"start":{"line":150,"column":4},"end":{"line":152,"column":5}},"78":{"start":{"line":151,"column":6},"end":{"line":151,"column":15}},"79":{"start":{"line":154,"column":17},"end":{"line":154,"column":44}},"80":{"start":{"line":155,"column":4},"end":{"line":157,"column":5}},"81":{"start":{"line":156,"column":6},"end":{"line":156,"column":15}},"82":{"start":{"line":159,"column":22},"end":{"line":159,"column":26}},"83":{"start":{"line":160,"column":4},"end":{"line":165,"column":5}},"84":{"start":{"line":161,"column":6},"end":{"line":161,"column":67}},"85":{"start":{"line":164,"column":6},"end":{"line":164,"column":15}},"86":{"start":{"line":168,"column":4},"end":{"line":181,"column":5}},"87":{"start":{"line":169,"column":22},"end":{"line":169,"column":45}},"88":{"start":{"line":170,"column":23},"end":{"line":170,"column":47}},"89":{"start":{"line":173,"column":6},"end":{"line":177,"column":16}},"90":{"start":{"line":179,"column":6},"end":{"line":179,"column":68}},"91":{"start":{"line":180,"column":6},"end":{"line":180,"column":15}},"92":{"start":{"line":183,"column":18},"end":{"line":183,"column":54}},"93":{"start":{"line":184,"column":24},"end":{"line":184,"column":60}},"94":{"start":{"line":186,"column":4},"end":{"line":191,"column":5}},"95":{"start":{"line":187,"column":6},"end":{"line":187,"column":28}},"96":{"start":{"line":188,"column":22},"end":{"line":188,"column":45}},"97":{"start":{"line":189,"column":20},"end":{"line":189,"column":44}},"98":{"start":{"line":190,"column":6},"end":{"line":190,"column":55}},"99":{"start":{"line":195,"column":2},"end":{"line":223,"column":3}},"100":{"start":{"line":196,"column":4},"end":{"line":196,"column":83}},"101":{"start":{"line":199,"column":24},"end":{"line":199,"column":25}},"102":{"start":{"line":200,"column":20},"end":{"line":200,"column":22}},"103":{"start":{"line":201,"column":16},"end":{"line":201,"column":17}},"104":{"start":{"line":203,"column":21},"end":{"line":214,"column":5}},"105":{"start":{"line":204,"column":6},"end":{"line":213,"column":7}},"106":{"start":{"line":205,"column":18},"end":{"line":205,"column":25}},"107":{"start":{"line":206,"column":18},"end":{"line":206,"column":34}},"108":{"start":{"line":207,"column":8},"end":{"line":212,"column":9}},"109":{"start":{"line":208,"column":30},"end":{"line":208,"column":85}},"110":{"start":{"line":209,"column":10},"end":{"line":209,"column":39}},"111":{"start":{"line":211,"column":10},"end":{"line":211,"column":79}},"112":{"start":{"line":216,"column":20},"end":{"line":218,"column":28}},"113":{"start":{"line":218,"column":17},"end":{"line":218,"column":27}},"114":{"start":{"line":220,"column":4},"end":{"line":220,"column":31}},"115":{"start":{"line":222,"column":4},"end":{"line":222,"column":27}},"116":{"start":{"line":225,"column":2},"end":{"line":225,"column":99}},"117":{"start":{"line":226,"column":2},"end":{"line":226,"column":15}},"118":{"start":{"line":229,"column":26},"end":{"line":256,"column":1}},"119":{"start":{"line":230,"column":2},"end":{"line":255,"column":3}},"120":{"start":{"line":232,"column":21},"end":{"line":232,"column":61}},"121":{"start":{"line":233,"column":4},"end":{"line":236,"column":5}},"122":{"start":{"line":234,"column":6},"end":{"line":234,"column":75}},"123":{"start":{"line":235,"column":6},"end":{"line":235,"column":16}},"124":{"start":{"line":239,"column":21},"end":{"line":239,"column":33}},"125":{"start":{"line":241,"column":4},"end":{"line":243,"column":5}},"126":{"start":{"line":242,"column":6},"end":{"line":242,"column":24}},"127":{"start":{"line":246,"column":21},"end":{"line":246,"column":42}},"128":{"start":{"line":247,"column":28},"end":{"line":247,"column":78}},"129":{"start":{"line":248,"column":20},"end":{"line":248,"column":57}},"130":{"start":{"line":249,"column":20},"end":{"line":249,"column":41}},"131":{"start":{"line":251,"column":4},"end":{"line":251,"column":45}},"132":{"start":{"line":253,"column":4},"end":{"line":253,"column":70}},"133":{"start":{"line":254,"column":4},"end":{"line":254,"column":14}},"134":{"start":{"line":258,"column":28},"end":{"line":297,"column":1}},"135":{"start":{"line":259,"column":19},"end":{"line":259,"column":21}},"136":{"start":{"line":261,"column":2},"end":{"line":294,"column":3}},"137":{"start":{"line":262,"column":36},"end":{"line":262,"column":40}},"138":{"start":{"line":264,"column":4},"end":{"line":293,"column":5}},"139":{"start":{"line":266,"column":23},"end":{"line":266,"column":40}},"140":{"start":{"line":267,"column":26},"end":{"line":270,"column":8}},"141":{"start":{"line":268,"column":22},"end":{"line":268,"column":57}},"142":{"start":{"line":269,"column":8},"end":{"line":269,"column":36}},"143":{"start":{"line":272,"column":6},"end":{"line":274,"column":7}},"144":{"start":{"line":273,"column":8},"end":{"line":273,"column":28}},"145":{"start":{"line":275,"column":11},"end":{"line":293,"column":5}},"146":{"start":{"line":276,"column":25},"end":{"line":276,"column":55}},"147":{"start":{"line":277,"column":6},"end":{"line":292,"column":7}},"148":{"start":{"line":279,"column":25},"end":{"line":279,"column":48}},"149":{"start":{"line":280,"column":28},"end":{"line":283,"column":10}},"150":{"start":{"line":281,"column":24},"end":{"line":281,"column":59}},"151":{"start":{"line":282,"column":10},"end":{"line":282,"column":38}},"152":{"start":{"line":285,"column":8},"end":{"line":291,"column":9}},"153":{"start":{"line":286,"column":10},"end":{"line":290,"column":13}},"154":{"start":{"line":296,"column":2},"end":{"line":296,"column":18}},"155":{"start":{"line":299,"column":22},"end":{"line":317,"column":1}},"156":{"start":{"line":300,"column":19},"end":{"line":300,"column":28}},"157":{"start":{"line":301,"column":26},"end":{"line":301,"column":80}},"158":{"start":{"line":303,"column":2},"end":{"line":311,"column":5}},"159":{"start":{"line":304,"column":24},"end":{"line":304,"column":63}},"160":{"start":{"line":305,"column":4},"end":{"line":310,"column":5}},"161":{"start":{"line":306,"column":20},"end":{"line":306,"column":50}},"162":{"start":{"line":307,"column":6},"end":{"line":309,"column":7}},"163":{"start":{"line":308,"column":8},"end":{"line":308,"column":28}},"164":{"start":{"line":313,"column":22},"end":{"line":313,"column":49}},"165":{"start":{"line":314,"column":2},"end":{"line":314,"column":101}},"166":{"start":{"line":316,"column":2},"end":{"line":316,"column":21}},"167":{"start":{"line":319,"column":38},"end":{"line":427,"column":1}},"168":{"start":{"line":322,"column":18},"end":{"line":329,"column":3}},"169":{"start":{"line":331,"column":25},"end":{"line":331,"column":34}},"170":{"start":{"line":334,"column":27},"end":{"line":334,"column":77}},"171":{"start":{"line":336,"column":22},"end":{"line":336,"column":78}},"172":{"start":{"line":338,"column":2},"end":{"line":338,"column":115}},"173":{"start":{"line":341,"column":21},"end":{"line":369,"column":3}},"174":{"start":{"line":342,"column":4},"end":{"line":368,"column":5}},"175":{"start":{"line":343,"column":6},"end":{"line":343,"column":59}},"176":{"start":{"line":344,"column":23},"end":{"line":344,"column":45}},"177":{"start":{"line":345,"column":19},"end":{"line":345,"column":40}},"178":{"start":{"line":346,"column":21},"end":{"line":346,"column":36}},"179":{"start":{"line":347,"column":18},"end":{"line":347,"column":59}},"180":{"start":{"line":349,"column":26},"end":{"line":349,"column":35}},"181":{"start":{"line":350,"column":24},"end":{"line":350,"column":63}},"182":{"start":{"line":352,"column":6},"end":{"line":361,"column":9}},"183":{"start":{"line":353,"column":22},"end":{"line":353,"column":52}},"184":{"start":{"line":354,"column":8},"end":{"line":360,"column":9}},"185":{"start":{"line":355,"column":29},"end":{"line":355,"column":37}},"186":{"start":{"line":356,"column":27},"end":{"line":356,"column":46}},"187":{"start":{"line":357,"column":10},"end":{"line":359,"column":11}},"188":{"start":{"line":358,"column":12},"end":{"line":358,"column":38}},"189":{"start":{"line":363,"column":6},"end":{"line":363,"column":79}},"190":{"start":{"line":364,"column":6},"end":{"line":364,"column":25}},"191":{"start":{"line":366,"column":6},"end":{"line":366,"column":63}},"192":{"start":{"line":367,"column":6},"end":{"line":367,"column":23}},"193":{"start":{"line":372,"column":24},"end":{"line":372,"column":26}},"194":{"start":{"line":375,"column":24},"end":{"line":375,"column":82}},"195":{"start":{"line":376,"column":2},"end":{"line":376,"column":72}},"196":{"start":{"line":378,"column":2},"end":{"line":413,"column":3}},"197":{"start":{"line":380,"column":4},"end":{"line":388,"column":5}},"198":{"start":{"line":381,"column":29},"end":{"line":381,"column":70}},"199":{"start":{"line":382,"column":6},"end":{"line":382,"column":36}},"200":{"start":{"line":382,"column":27},"end":{"line":382,"column":36}},"201":{"start":{"line":384,"column":27},"end":{"line":384,"column":100}},"202":{"start":{"line":385,"column":6},"end":{"line":387,"column":7}},"203":{"start":{"line":386,"column":8},"end":{"line":386,"column":17}},"204":{"start":{"line":391,"column":23},"end":{"line":391,"column":76}},"205":{"start":{"line":392,"column":4},"end":{"line":396,"column":5}},"206":{"start":{"line":393,"column":6},"end":{"line":393,"column":42}},"207":{"start":{"line":394,"column":6},"end":{"line":394,"column":93}},"208":{"start":{"line":395,"column":6},"end":{"line":395,"column":15}},"209":{"start":{"line":399,"column":20},"end":{"line":399,"column":57}},"210":{"start":{"line":400,"column":4},"end":{"line":412,"column":5}},"211":{"start":{"line":401,"column":20},"end":{"line":401,"column":54}},"212":{"start":{"line":402,"column":6},"end":{"line":411,"column":7}},"213":{"start":{"line":403,"column":27},"end":{"line":403,"column":35}},"214":{"start":{"line":404,"column":25},"end":{"line":404,"column":44}},"215":{"start":{"line":406,"column":8},"end":{"line":410,"column":9}},"216":{"start":{"line":407,"column":10},"end":{"line":407,"column":39}},"217":{"start":{"line":408,"column":27},"end":{"line":408,"column":71}},"218":{"start":{"line":409,"column":10},"end":{"line":409,"column":80}},"219":{"start":{"line":416,"column":2},"end":{"line":422,"column":3}},"220":{"start":{"line":417,"column":4},"end":{"line":417,"column":73}},"221":{"start":{"line":418,"column":26},"end":{"line":418,"column":74}},"222":{"start":{"line":419,"column":4},"end":{"line":421,"column":7}},"223":{"start":{"line":420,"column":6},"end":{"line":420,"column":54}},"224":{"start":{"line":420,"column":28},"end":{"line":420,"column":52}},"225":{"start":{"line":424,"column":17},"end":{"line":424,"column":50}},"226":{"start":{"line":425,"column":2},"end":{"line":425,"column":62}},"227":{"start":{"line":426,"column":2},"end":{"line":426,"column":16}},"228":{"start":{"line":429,"column":0},"end":{"line":491,"column":3}},"229":{"start":{"line":430,"column":2},"end":{"line":440,"column":3}},"230":{"start":{"line":431,"column":21},"end":{"line":431,"column":38}},"231":{"start":{"line":432,"column":24},"end":{"line":432,"column":91}},"232":{"start":{"line":434,"column":4},"end":{"line":438,"column":7}},"233":{"start":{"line":439,"column":4},"end":{"line":439,"column":16}},"234":{"start":{"line":442,"column":2},"end":{"line":461,"column":3}},"235":{"start":{"line":443,"column":21},"end":{"line":443,"column":43}},"236":{"start":{"line":445,"column":4},"end":{"line":458,"column":7}},"237":{"start":{"line":446,"column":6},"end":{"line":446,"column":76}},"238":{"start":{"line":448,"column":6},"end":{"line":451,"column":9}},"239":{"start":{"line":453,"column":6},"end":{"line":453,"column":66}},"240":{"start":{"line":454,"column":6},"end":{"line":457,"column":9}},"241":{"start":{"line":460,"column":4},"end":{"line":460,"column":16}},"242":{"start":{"line":463,"column":2},"end":{"line":490,"column":3}},"243":{"start":{"line":464,"column":22},"end":{"line":466,"column":15}},"244":{"start":{"line":468,"column":4},"end":{"line":487,"column":7}},"245":{"start":{"line":470,"column":23},"end":{"line":470,"column":84}},"246":{"start":{"line":470,"column":62},"end":{"line":470,"column":74}},"247":{"start":{"line":472,"column":6},"end":{"line":480,"column":9}},"248":{"start":{"line":473,"column":8},"end":{"line":473,"column":95}},"249":{"start":{"line":474,"column":8},"end":{"line":479,"column":11}},"250":{"start":{"line":482,"column":6},"end":{"line":482,"column":74}},"251":{"start":{"line":483,"column":6},"end":{"line":486,"column":9}},"252":{"start":{"line":489,"column":4},"end":{"line":489,"column":16}},"253":{"start":{"line":494,"column":0},"end":{"line":501,"column":1}},"254":{"start":{"line":495,"column":2},"end":{"line":500,"column":4}}},"fnMap":{"0":{"name":"(anonymous_0)","decl":{"start":{"line":9,"column":21},"end":{"line":9,"column":22}},"loc":{"start":{"line":10,"column":2},"end":{"line":10,"column":88}},"line":10},"1":{"name":"(anonymous_1)","decl":{"start":{"line":12,"column":22},"end":{"line":12,"column":23}},"loc":{"start":{"line":12,"column":35},"end":{"line":29,"column":1}},"line":12},"2":{"name":"(anonymous_2)","decl":{"start":{"line":31,"column":23},"end":{"line":31,"column":24}},"loc":{"start":{"line":31,"column":35},"end":{"line":46,"column":1}},"line":31},"3":{"name":"(anonymous_3)","decl":{"start":{"line":48,"column":19},"end":{"line":48,"column":20}},"loc":{"start":{"line":48,"column":39},"end":{"line":71,"column":1}},"line":48},"4":{"name":"(anonymous_4)","decl":{"start":{"line":58,"column":22},"end":{"line":58,"column":23}},"loc":{"start":{"line":58,"column":30},"end":{"line":62,"column":5}},"line":58},"5":{"name":"(anonymous_5)","decl":{"start":{"line":73,"column":30},"end":{"line":73,"column":31}},"loc":{"start":{"line":73,"column":39},"end":{"line":79,"column":1}},"line":73},"6":{"name":"(anonymous_6)","decl":{"start":{"line":81,"column":19},"end":{"line":81,"column":20}},"loc":{"start":{"line":81,"column":40},"end":{"line":227,"column":1}},"line":81},"7":{"name":"(anonymous_7)","decl":{"start":{"line":89,"column":28},"end":{"line":89,"column":29}},"loc":{"start":{"line":89,"column":70},"end":{"line":143,"column":3}},"line":89},"8":{"name":"(anonymous_8)","decl":{"start":{"line":100,"column":24},"end":{"line":100,"column":25}},"loc":{"start":{"line":100,"column":36},"end":{"line":135,"column":7}},"line":100},"9":{"name":"(anonymous_9)","decl":{"start":{"line":110,"column":39},"end":{"line":110,"column":40}},"loc":{"start":{"line":110,"column":47},"end":{"line":116,"column":11}},"line":110},"10":{"name":"(anonymous_10)","decl":{"start":{"line":118,"column":39},"end":{"line":118,"column":40}},"loc":{"start":{"line":118,"column":47},"end":{"line":121,"column":11}},"line":118},"11":{"name":"(anonymous_11)","decl":{"start":{"line":203,"column":21},"end":{"line":203,"column":22}},"loc":{"start":{"line":203,"column":33},"end":{"line":214,"column":5}},"line":203},"12":{"name":"(anonymous_12)","decl":{"start":{"line":218,"column":11},"end":{"line":218,"column":12}},"loc":{"start":{"line":218,"column":17},"end":{"line":218,"column":27}},"line":218},"13":{"name":"(anonymous_13)","decl":{"start":{"line":229,"column":26},"end":{"line":229,"column":27}},"loc":{"start":{"line":229,"column":41},"end":{"line":256,"column":1}},"line":229},"14":{"name":"(anonymous_14)","decl":{"start":{"line":258,"column":28},"end":{"line":258,"column":29}},"loc":{"start":{"line":258,"column":65},"end":{"line":297,"column":1}},"line":258},"15":{"name":"(anonymous_15)","decl":{"start":{"line":267,"column":41},"end":{"line":267,"column":42}},"loc":{"start":{"line":267,"column":49},"end":{"line":270,"column":7}},"line":267},"16":{"name":"(anonymous_16)","decl":{"start":{"line":280,"column":43},"end":{"line":280,"column":44}},"loc":{"start":{"line":280,"column":51},"end":{"line":283,"column":9}},"line":280},"17":{"name":"(anonymous_17)","decl":{"start":{"line":299,"column":22},"end":{"line":299,"column":23}},"loc":{"start":{"line":299,"column":28},"end":{"line":317,"column":1}},"line":299},"18":{"name":"(anonymous_18)","decl":{"start":{"line":303,"column":26},"end":{"line":303,"column":27}},"loc":{"start":{"line":303,"column":37},"end":{"line":311,"column":3}},"line":303},"19":{"name":"(anonymous_19)","decl":{"start":{"line":319,"column":38},"end":{"line":319,"column":39}},"loc":{"start":{"line":319,"column":66},"end":{"line":427,"column":1}},"line":319},"20":{"name":"(anonymous_20)","decl":{"start":{"line":341,"column":21},"end":{"line":341,"column":22}},"loc":{"start":{"line":341,"column":42},"end":{"line":369,"column":3}},"line":341},"21":{"name":"(anonymous_21)","decl":{"start":{"line":352,"column":24},"end":{"line":352,"column":25}},"loc":{"start":{"line":352,"column":31},"end":{"line":361,"column":7}},"line":352},"22":{"name":"(anonymous_22)","decl":{"start":{"line":419,"column":26},"end":{"line":419,"column":27}},"loc":{"start":{"line":419,"column":35},"end":{"line":421,"column":5}},"line":419},"23":{"name":"(anonymous_23)","decl":{"start":{"line":420,"column":20},"end":{"line":420,"column":21}},"loc":{"start":{"line":420,"column":28},"end":{"line":420,"column":52}},"line":420},"24":{"name":"(anonymous_24)","decl":{"start":{"line":429,"column":37},"end":{"line":429,"column":38}},"loc":{"start":{"line":429,"column":72},"end":{"line":491,"column":1}},"line":429},"25":{"name":"(anonymous_25)","decl":{"start":{"line":445,"column":51},"end":{"line":445,"column":52}},"loc":{"start":{"line":445,"column":69},"end":{"line":452,"column":5}},"line":445},"26":{"name":"(anonymous_26)","decl":{"start":{"line":452,"column":13},"end":{"line":452,"column":14}},"loc":{"start":{"line":452,"column":22},"end":{"line":458,"column":5}},"line":452},"27":{"name":"(anonymous_27)","decl":{"start":{"line":468,"column":33},"end":{"line":468,"column":34}},"loc":{"start":{"line":468,"column":51},"end":{"line":481,"column":5}},"line":468},"28":{"name":"(anonymous_28)","decl":{"start":{"line":470,"column":54},"end":{"line":470,"column":55}},"loc":{"start":{"line":470,"column":62},"end":{"line":470,"column":74}},"line":470},"29":{"name":"(anonymous_29)","decl":{"start":{"line":472,"column":67},"end":{"line":472,"column":68}},"loc":{"start":{"line":472,"column":78},"end":{"line":480,"column":7}},"line":472},"30":{"name":"(anonymous_30)","decl":{"start":{"line":481,"column":13},"end":{"line":481,"column":14}},"loc":{"start":{"line":481,"column":24},"end":{"line":487,"column":5}},"line":481}},"branchMap":{"0":{"loc":{"start":{"line":1,"column":0},"end":{"line":7,"column":1}},"type":"if","locations":[{"start":{"line":1,"column":0},"end":{"line":7,"column":1}},{"start":{},"end":{}}],"line":1},"1":{"loc":{"start":{"line":2,"column":2},"end":{"line":6,"column":3}},"type":"if","locations":[{"start":{"line":2,"column":2},"end":{"line":6,"column":3}},{"start":{"line":4,"column":9},"end":{"line":6,"column":3}}],"line":2},"2":{"loc":{"start":{"line":10,"column":2},"end":{"line":10,"column":88}},"type":"binary-expr","locations":[{"start":{"line":10,"column":2},"end":{"line":10,"column":51}},{"start":{"line":10,"column":55},"end":{"line":10,"column":69}},{"start":{"line":10,"column":73},"end":{"line":10,"column":88}}],"line":10},"3":{"loc":{"start":{"line":18,"column":2},"end":{"line":26,"column":3}},"type":"if","locations":[{"start":{"line":18,"column":2},"end":{"line":26,"column":3}},{"start":{},"end":{}}],"line":18},"4":{"loc":{"start":{"line":20,"column":4},"end":{"line":25,"column":5}},"type":"if","locations":[{"start":{"line":20,"column":4},"end":{"line":25,"column":5}},{"start":{},"end":{}}],"line":20},"5":{"loc":{"start":{"line":22,"column":6},"end":{"line":24,"column":7}},"type":"if","locations":[{"start":{"line":22,"column":6},"end":{"line":24,"column":7}},{"start":{},"end":{}}],"line":22},"6":{"loc":{"start":{"line":33,"column":2},"end":{"line":43,"column":3}},"type":"if","locations":[{"start":{"line":33,"column":2},"end":{"line":43,"column":3}},{"start":{},"end":{}}],"line":33},"7":{"loc":{"start":{"line":33,"column":6},"end":{"line":33,"column":29}},"type":"binary-expr","locations":[{"start":{"line":33,"column":6},"end":{"line":33,"column":10}},{"start":{"line":33,"column":14},"end":{"line":33,"column":29}}],"line":33},"8":{"loc":{"start":{"line":40,"column":4},"end":{"line":42,"column":5}},"type":"if","locations":[{"start":{"line":40,"column":4},"end":{"line":42,"column":5}},{"start":{},"end":{}}],"line":40},"9":{"loc":{"start":{"line":45,"column":9},"end":{"line":45,"column":68}},"type":"binary-expr","locations":[{"start":{"line":45,"column":9},"end":{"line":45,"column":54}},{"start":{"line":45,"column":58},"end":{"line":45,"column":68}}],"line":45},"10":{"loc":{"start":{"line":49,"column":2},"end":{"line":51,"column":3}},"type":"if","locations":[{"start":{"line":49,"column":2},"end":{"line":51,"column":3}},{"start":{},"end":{}}],"line":49},"11":{"loc":{"start":{"line":57,"column":2},"end":{"line":66,"column":3}},"type":"if","locations":[{"start":{"line":57,"column":2},"end":{"line":66,"column":3}},{"start":{"line":63,"column":9},"end":{"line":66,"column":3}}],"line":57},"12":{"loc":{"start":{"line":59,"column":6},"end":{"line":61,"column":7}},"type":"if","locations":[{"start":{"line":59,"column":6},"end":{"line":61,"column":7}},{"start":{},"end":{}}],"line":59},"13":{"loc":{"start":{"line":59,"column":10},"end":{"line":59,"column":57}},"type":"binary-expr","locations":[{"start":{"line":59,"column":10},"end":{"line":59,"column":26}},{"start":{"line":59,"column":30},"end":{"line":59,"column":57}}],"line":59},"14":{"loc":{"start":{"line":74,"column":2},"end":{"line":76,"column":3}},"type":"if","locations":[{"start":{"line":74,"column":2},"end":{"line":76,"column":3}},{"start":{},"end":{}}],"line":74},"15":{"loc":{"start":{"line":83,"column":22},"end":{"line":83,"column":78}},"type":"binary-expr","locations":[{"start":{"line":83,"column":22},"end":{"line":83,"column":61}},{"start":{"line":83,"column":65},"end":{"line":83,"column":78}}],"line":83},"16":{"loc":{"start":{"line":108,"column":8},"end":{"line":122,"column":9}},"type":"if","locations":[{"start":{"line":108,"column":8},"end":{"line":122,"column":9}},{"start":{"line":117,"column":15},"end":{"line":122,"column":9}}],"line":108},"17":{"loc":{"start":{"line":112,"column":12},"end":{"line":112,"column":38}},"type":"if","locations":[{"start":{"line":112,"column":12},"end":{"line":112,"column":38}},{"start":{},"end":{}}],"line":112},"18":{"loc":{"start":{"line":125,"column":8},"end":{"line":127,"column":9}},"type":"if","locations":[{"start":{"line":125,"column":8},"end":{"line":127,"column":9}},{"start":{},"end":{}}],"line":125},"19":{"loc":{"start":{"line":125,"column":12},"end":{"line":125,"column":45}},"type":"binary-expr","locations":[{"start":{"line":125,"column":12},"end":{"line":125,"column":24}},{"start":{"line":125,"column":28},"end":{"line":125,"column":45}}],"line":125},"20":{"loc":{"start":{"line":150,"column":4},"end":{"line":152,"column":5}},"type":"if","locations":[{"start":{"line":150,"column":4},"end":{"line":152,"column":5}},{"start":{},"end":{}}],"line":150},"21":{"loc":{"start":{"line":155,"column":4},"end":{"line":157,"column":5}},"type":"if","locations":[{"start":{"line":155,"column":4},"end":{"line":157,"column":5}},{"start":{},"end":{}}],"line":155},"22":{"loc":{"start":{"line":168,"column":4},"end":{"line":181,"column":5}},"type":"if","locations":[{"start":{"line":168,"column":4},"end":{"line":181,"column":5}},{"start":{},"end":{}}],"line":168},"23":{"loc":{"start":{"line":186,"column":4},"end":{"line":191,"column":5}},"type":"if","locations":[{"start":{"line":186,"column":4},"end":{"line":191,"column":5}},{"start":{},"end":{}}],"line":186},"24":{"loc":{"start":{"line":186,"column":8},"end":{"line":186,"column":56}},"type":"binary-expr","locations":[{"start":{"line":186,"column":9},"end":{"line":186,"column":14}},{"start":{"line":186,"column":18},"end":{"line":186,"column":29}},{"start":{"line":186,"column":34},"end":{"line":186,"column":56}}],"line":186},"25":{"loc":{"start":{"line":195,"column":2},"end":{"line":223,"column":3}},"type":"if","locations":[{"start":{"line":195,"column":2},"end":{"line":223,"column":3}},{"start":{},"end":{}}],"line":195},"26":{"loc":{"start":{"line":225,"column":66},"end":{"line":225,"column":95}},"type":"cond-expr","locations":[{"start":{"line":225,"column":87},"end":{"line":225,"column":89}},{"start":{"line":225,"column":92},"end":{"line":225,"column":95}}],"line":225},"27":{"loc":{"start":{"line":233,"column":4},"end":{"line":236,"column":5}},"type":"if","locations":[{"start":{"line":233,"column":4},"end":{"line":236,"column":5}},{"start":{},"end":{}}],"line":233},"28":{"loc":{"start":{"line":241,"column":4},"end":{"line":243,"column":5}},"type":"if","locations":[{"start":{"line":241,"column":4},"end":{"line":243,"column":5}},{"start":{},"end":{}}],"line":241},"29":{"loc":{"start":{"line":248,"column":20},"end":{"line":248,"column":57}},"type":"binary-expr","locations":[{"start":{"line":248,"column":20},"end":{"line":248,"column":51}},{"start":{"line":248,"column":55},"end":{"line":248,"column":57}}],"line":248},"30":{"loc":{"start":{"line":251,"column":11},"end":{"line":251,"column":44}},"type":"cond-expr","locations":[{"start":{"line":251,"column":32},"end":{"line":251,"column":39}},{"start":{"line":251,"column":42},"end":{"line":251,"column":44}}],"line":251},"31":{"loc":{"start":{"line":264,"column":4},"end":{"line":293,"column":5}},"type":"if","locations":[{"start":{"line":264,"column":4},"end":{"line":293,"column":5}},{"start":{"line":275,"column":11},"end":{"line":293,"column":5}}],"line":264},"32":{"loc":{"start":{"line":272,"column":6},"end":{"line":274,"column":7}},"type":"if","locations":[{"start":{"line":272,"column":6},"end":{"line":274,"column":7}},{"start":{},"end":{}}],"line":272},"33":{"loc":{"start":{"line":275,"column":11},"end":{"line":293,"column":5}},"type":"if","locations":[{"start":{"line":275,"column":11},"end":{"line":293,"column":5}},{"start":{},"end":{}}],"line":275},"34":{"loc":{"start":{"line":285,"column":8},"end":{"line":291,"column":9}},"type":"if","locations":[{"start":{"line":285,"column":8},"end":{"line":291,"column":9}},{"start":{},"end":{}}],"line":285},"35":{"loc":{"start":{"line":305,"column":4},"end":{"line":310,"column":5}},"type":"if","locations":[{"start":{"line":305,"column":4},"end":{"line":310,"column":5}},{"start":{},"end":{}}],"line":305},"36":{"loc":{"start":{"line":307,"column":6},"end":{"line":309,"column":7}},"type":"if","locations":[{"start":{"line":307,"column":6},"end":{"line":309,"column":7}},{"start":{},"end":{}}],"line":307},"37":{"loc":{"start":{"line":314,"column":62},"end":{"line":314,"column":97}},"type":"cond-expr","locations":[{"start":{"line":314,"column":89},"end":{"line":314,"column":91}},{"start":{"line":314,"column":94},"end":{"line":314,"column":97}}],"line":314},"38":{"loc":{"start":{"line":322,"column":18},"end":{"line":329,"column":3}},"type":"cond-expr","locations":[{"start":{"line":322,"column":61},"end":{"line":322,"column":76}},{"start":{"line":322,"column":79},"end":{"line":329,"column":3}}],"line":322},"39":{"loc":{"start":{"line":334,"column":27},"end":{"line":334,"column":77}},"type":"binary-expr","locations":[{"start":{"line":334,"column":27},"end":{"line":334,"column":44}},{"start":{"line":334,"column":48},"end":{"line":334,"column":77}}],"line":334},"40":{"loc":{"start":{"line":336,"column":22},"end":{"line":336,"column":78}},"type":"binary-expr","locations":[{"start":{"line":336,"column":22},"end":{"line":336,"column":61}},{"start":{"line":336,"column":65},"end":{"line":336,"column":78}}],"line":336},"41":{"loc":{"start":{"line":354,"column":8},"end":{"line":360,"column":9}},"type":"if","locations":[{"start":{"line":354,"column":8},"end":{"line":360,"column":9}},{"start":{},"end":{}}],"line":354},"42":{"loc":{"start":{"line":357,"column":10},"end":{"line":359,"column":11}},"type":"if","locations":[{"start":{"line":357,"column":10},"end":{"line":359,"column":11}},{"start":{},"end":{}}],"line":357},"43":{"loc":{"start":{"line":380,"column":4},"end":{"line":388,"column":5}},"type":"if","locations":[{"start":{"line":380,"column":4},"end":{"line":388,"column":5}},{"start":{},"end":{}}],"line":380},"44":{"loc":{"start":{"line":382,"column":6},"end":{"line":382,"column":36}},"type":"if","locations":[{"start":{"line":382,"column":6},"end":{"line":382,"column":36}},{"start":{},"end":{}}],"line":382},"45":{"loc":{"start":{"line":384,"column":27},"end":{"line":384,"column":100}},"type":"binary-expr","locations":[{"start":{"line":384,"column":27},"end":{"line":384,"column":94}},{"start":{"line":384,"column":98},"end":{"line":384,"column":100}}],"line":384},"46":{"loc":{"start":{"line":385,"column":6},"end":{"line":387,"column":7}},"type":"if","locations":[{"start":{"line":385,"column":6},"end":{"line":387,"column":7}},{"start":{},"end":{}}],"line":385},"47":{"loc":{"start":{"line":392,"column":4},"end":{"line":396,"column":5}},"type":"if","locations":[{"start":{"line":392,"column":4},"end":{"line":396,"column":5}},{"start":{},"end":{}}],"line":392},"48":{"loc":{"start":{"line":400,"column":4},"end":{"line":412,"column":5}},"type":"if","locations":[{"start":{"line":400,"column":4},"end":{"line":412,"column":5}},{"start":{},"end":{}}],"line":400},"49":{"loc":{"start":{"line":402,"column":6},"end":{"line":411,"column":7}},"type":"if","locations":[{"start":{"line":402,"column":6},"end":{"line":411,"column":7}},{"start":{},"end":{}}],"line":402},"50":{"loc":{"start":{"line":406,"column":8},"end":{"line":410,"column":9}},"type":"if","locations":[{"start":{"line":406,"column":8},"end":{"line":410,"column":9}},{"start":{},"end":{}}],"line":406},"51":{"loc":{"start":{"line":408,"column":27},"end":{"line":408,"column":71}},"type":"binary-expr","locations":[{"start":{"line":408,"column":27},"end":{"line":408,"column":65}},{"start":{"line":408,"column":69},"end":{"line":408,"column":71}}],"line":408},"52":{"loc":{"start":{"line":416,"column":2},"end":{"line":422,"column":3}},"type":"if","locations":[{"start":{"line":416,"column":2},"end":{"line":422,"column":3}},{"start":{},"end":{}}],"line":416},"53":{"loc":{"start":{"line":430,"column":2},"end":{"line":440,"column":3}},"type":"if","locations":[{"start":{"line":430,"column":2},"end":{"line":440,"column":3}},{"start":{},"end":{}}],"line":430},"54":{"loc":{"start":{"line":432,"column":24},"end":{"line":432,"column":91}},"type":"binary-expr","locations":[{"start":{"line":432,"column":24},"end":{"line":432,"column":72}},{"start":{"line":432,"column":76},"end":{"line":432,"column":91}}],"line":432},"55":{"loc":{"start":{"line":442,"column":2},"end":{"line":461,"column":3}},"type":"if","locations":[{"start":{"line":442,"column":2},"end":{"line":461,"column":3}},{"start":{},"end":{}}],"line":442},"56":{"loc":{"start":{"line":443,"column":21},"end":{"line":443,"column":43}},"type":"binary-expr","locations":[{"start":{"line":443,"column":21},"end":{"line":443,"column":37}},{"start":{"line":443,"column":41},"end":{"line":443,"column":43}}],"line":443},"57":{"loc":{"start":{"line":463,"column":2},"end":{"line":490,"column":3}},"type":"if","locations":[{"start":{"line":463,"column":2},"end":{"line":490,"column":3}},{"start":{},"end":{}}],"line":463},"58":{"loc":{"start":{"line":464,"column":22},"end":{"line":466,"column":15}},"type":"cond-expr","locations":[{"start":{"line":465,"column":8},"end":{"line":465,"column":25}},{"start":{"line":466,"column":8},"end":{"line":466,"column":15}}],"line":464},"59":{"loc":{"start":{"line":464,"column":22},"end":{"line":464,"column":82}},"type":"binary-expr","locations":[{"start":{"line":464,"column":22},"end":{"line":464,"column":54}},{"start":{"line":464,"column":58},"end":{"line":464,"column":82}}],"line":464},"60":{"loc":{"start":{"line":473,"column":62},"end":{"line":473,"column":91}},"type":"cond-expr","locations":[{"start":{"line":473,"column":83},"end":{"line":473,"column":85}},{"start":{"line":473,"column":88},"end":{"line":473,"column":91}}],"line":473},"61":{"loc":{"start":{"line":485,"column":15},"end":{"line":485,"column":62}},"type":"binary-expr","locations":[{"start":{"line":485,"column":15},"end":{"line":485,"column":28}},{"start":{"line":485,"column":32},"end":{"line":485,"column":62}}],"line":485},"62":{"loc":{"start":{"line":494,"column":0},"end":{"line":501,"column":1}},"type":"if","locations":[{"start":{"line":494,"column":0},"end":{"line":501,"column":1}},{"start":{},"end":{}}],"line":494},"63":{"loc":{"start":{"line":494,"column":4},"end":{"line":494,"column":51}},"type":"binary-expr","locations":[{"start":{"line":494,"column":4},"end":{"line":494,"column":33}},{"start":{"line":494,"column":37},"end":{"line":494,"column":51}}],"line":494}},"s":{"0":1,"1":0,"2":0,"3":0,"4":1,"5":0,"6":1,"7":2,"8":2,"9":1,"10":1,"11":1,"12":1,"13":1,"14":1,"15":1,"16":3,"17":3,"18":2,"19":2,"20":2,"21":1,"22":1,"23":6,"24":1,"25":5,"26":5,"27":5,"28":5,"29":5,"30":5,"31":0,"32":5,"33":5,"34":1,"35":0,"36":0,"37":0,"38":1,"39":0,"40":0,"41":0,"42":0,"43":0,"44":0,"45":0,"46":0,"47":0,"48":0,"49":0,"50":0,"51":0,"52":0,"53":0,"54":0,"55":0,"56":0,"57":0,"58":0,"59":0,"60":0,"61":0,"62":0,"63":0,"64":0,"65":0,"66":0,"67":0,"68":0,"69":0,"70":0,"71":0,"72":0,"73":0,"74":0,"75":0,"76":0,"77":0,"78":0,"79":0,"80":0,"81":0,"82":0,"83":0,"84":0,"85":0,"86":0,"87":0,"88":0,"89":0,"90":0,"91":0,"92":0,"93":0,"94":0,"95":0,"96":0,"97":0,"98":0,"99":0,"100":0,"101":0,"102":0,"103":0,"104":0,"105":0,"106":0,"107":0,"108":0,"109":0,"110":0,"111":0,"112":0,"113":0,"114":0,"115":0,"116":0,"117":0,"118":1,"119":0,"120":0,"121":0,"122":0,"123":0,"124":0,"125":0,"126":0,"127":0,"128":0,"129":0,"130":0,"131":0,"132":0,"133":0,"134":1,"135":0,"136":0,"137":0,"138":0,"139":0,"140":0,"141":0,"142":0,"143":0,"144":0,"145":0,"146":0,"147":0,"148":0,"149":0,"150":0,"151":0,"152":0,"153":0,"154":0,"155":1,"156":0,"157":0,"158":0,"159":0,"160":0,"161":0,"162":0,"163":0,"164":0,"165":0,"166":0,"167":1,"168":0,"169":0,"170":0,"171":0,"172":0,"173":0,"174":0,"175":0,"176":0,"177":0,"178":0,"179":0,"180":0,"181":0,"182":0,"183":0,"184":0,"185":0,"186":0,"187":0,"188":0,"189":0,"190":0,"191":0,"192":0,"193":0,"194":0,"195":0,"196":0,"197":0,"198":0,"199":0,"200":0,"201":0,"202":0,"203":0,"204":0,"205":0,"206":0,"207":0,"208":0,"209":0,"210":0,"211":0,"212":0,"213":0,"214":0,"215":0,"216":0,"217":0,"218":0,"219":0,"220":0,"221":0,"222":0,"223":0,"224":0,"225":0,"226":0,"227":0,"228":1,"229":0,"230":0,"231":0,"232":0,"233":0,"234":0,"235":0,"236":0,"237":0,"238":0,"239":0,"240":0,"241":0,"242":0,"243":0,"244":0,"245":0,"246":0,"247":0,"248":0,"249":0,"250":0,"251":0,"252":0,"253":1,"254":1},"f":{"0":0,"1":2,"2":3,"3":6,"4":5,"5":0,"6":0,"7":0,"8":0,"9":0,"10":0,"11":0,"12":0,"13":0,"14":0,"15":0,"16":0,"17":0,"18":0,"19":0,"20":0,"21":0,"22":0,"23":0,"24":0,"25":0,"26":0,"27":0,"28":0,"29":0,"30":0},"b":{"0":[0,1],"1":[0,0],"2":[0,0,0],"3":[1,1],"4":[1,0],"5":[1,0],"6":[2,1],"7":[3,2],"8":[2,0],"9":[1,0],"10":[1,5],"11":[5,0],"12":[5,0],"13":[5,5],"14":[0,0],"15":[0,0],"16":[0,0],"17":[0,0],"18":[0,0],"19":[0,0],"20":[0,0],"21":[0,0],"22":[0,0],"23":[0,0],"24":[0,0,0],"25":[0,0],"26":[0,0],"27":[0,0],"28":[0,0],"29":[0,0],"30":[0,0],"31":[0,0],"32":[0,0],"33":[0,0],"34":[0,0],"35":[0,0],"36":[0,0],"37":[0,0],"38":[0,0],"39":[0,0],"40":[0,0],"41":[0,0],"42":[0,0],"43":[0,0],"44":[0,0],"45":[0,0],"46":[0,0],"47":[0,0],"48":[0,0],"49":[0,0],"50":[0,0],"51":[0,0],"52":[0,0],"53":[0,0],"54":[0,0],"55":[0,0],"56":[0,0],"57":[0,0],"58":[0,0],"59":[0,0],"60":[0,0],"61":[0,0],"62":[1,0],"63":[1,1]},"_coverageSchema":"1a1c01bbd47fc00a2c39e90264f33305004495a9","hash":"38ff322e7d467dd5ba965ed5860c11470e039a1a"}
,"/Users/giladshpigelman/Documents/Personal/Projects/pdf-downloader/src/utils.js": {"path":"/Users/giladshpigelman/Documents/Personal/Projects/pdf-downloader/src/utils.js","statementMap":{"0":{"start":{"line":7,"column":17},"end":{"line":34,"column":1}},"1":{"start":{"line":36,"column":22},"end":{"line":43,"column":1}},"2":{"start":{"line":46,"column":0},"end":{"line":49,"column":1}},"3":{"start":{"line":47,"column":4},"end":{"line":47,"column":33}},"4":{"start":{"line":48,"column":4},"end":{"line":48,"column":43}},"5":{"start":{"line":51,"column":0},"end":{"line":54,"column":1}},"6":{"start":{"line":52,"column":4},"end":{"line":52,"column":35}},"7":{"start":{"line":53,"column":4},"end":{"line":53,"column":45}},"8":{"start":{"line":56,"column":0},"end":{"line":61,"column":1}},"9":{"start":{"line":57,"column":4},"end":{"line":60,"column":6}}},"fnMap":{},"branchMap":{"0":{"loc":{"start":{"line":46,"column":0},"end":{"line":49,"column":1}},"type":"if","locations":[{"start":{"line":46,"column":0},"end":{"line":49,"column":1}},{"start":{},"end":{}}],"line":46},"1":{"loc":{"start":{"line":51,"column":0},"end":{"line":54,"column":1}},"type":"if","locations":[{"start":{"line":51,"column":0},"end":{"line":54,"column":1}},{"start":{},"end":{}}],"line":51},"2":{"loc":{"start":{"line":56,"column":0},"end":{"line":61,"column":1}},"type":"if","locations":[{"start":{"line":56,"column":0},"end":{"line":61,"column":1}},{"start":{},"end":{}}],"line":56},"3":{"loc":{"start":{"line":56,"column":4},"end":{"line":56,"column":51}},"type":"binary-expr","locations":[{"start":{"line":56,"column":4},"end":{"line":56,"column":33}},{"start":{"line":56,"column":37},"end":{"line":56,"column":51}}],"line":56}},"s":{"0":1,"1":1,"2":1,"3":0,"4":0,"5":1,"6":0,"7":0,"8":1,"9":1},"f":{},"b":{"0":[0,1],"1":[0,1],"2":[1,0],"3":[1,1]},"_coverageSchema":"1a1c01bbd47fc00a2c39e90264f33305004495a9","hash":"b2645bbecef77a71ba2b68847466ee7233156ca9"}
}
