TN:
SF:src/background.js
FN:9,(anonymous_0)
FN:23,(anonymous_1)
FN:52,(anonymous_2)
FN:56,(anonymous_3)
FN:83,(anonymous_4)
FN:95,(anonymous_5)
FN:96,(anonymous_6)
FN:118,(anonymous_7)
FN:140,(anonymous_8)
FN:167,(anonymous_9)
FN:176,(anonymous_10)
FN:177,(anonymous_11)
FNF:12
FNH:4
FNDA:8,(anonymous_0)
FNDA:5,(anonymous_1)
FNDA:5,(anonymous_2)
FNDA:20,(anonymous_3)
FNDA:0,(anonymous_4)
FNDA:0,(anonymous_5)
FNDA:0,(anonymous_6)
FNDA:0,(anonymous_7)
FNDA:0,(anonymous_8)
FNDA:0,(anonymous_9)
FNDA:0,(anonymous_10)
FNDA:0,(anonymous_11)
DA:1,1
DA:2,1
DA:4,1
DA:7,1
DA:9,1
DA:10,8
DA:11,3
DA:14,5
DA:20,5
DA:23,1
DA:24,5
DA:25,1
DA:28,4
DA:29,4
DA:32,4
DA:33,4
DA:34,1
DA:35,1
DA:36,1
DA:40,3
DA:41,3
DA:42,3
DA:43,3
DA:46,0
DA:49,0
DA:52,1
DA:54,5
DA:55,5
DA:56,5
DA:57,20
DA:61,0
DA:64,5
DA:67,5
DA:68,5
DA:69,5
DA:70,5
DA:76,2
DA:77,2
DA:80,1
DA:83,1
DA:84,0
DA:85,0
DA:86,0
DA:89,0
DA:90,0
DA:92,0
DA:93,0
DA:95,0
DA:96,0
DA:97,0
DA:98,0
DA:99,0
DA:100,0
DA:102,0
DA:103,0
DA:104,0
DA:105,0
DA:107,0
DA:110,0
DA:113,0
DA:115,0
DA:116,0
DA:117,0
DA:118,0
DA:119,0
DA:120,0
DA:122,0
DA:125,0
DA:126,0
DA:129,0
DA:131,0
DA:133,0
DA:141,0
DA:142,0
DA:144,0
DA:147,0
DA:148,0
DA:149,0
DA:151,0
DA:158,0
DA:159,0
DA:160,0
DA:163,0
DA:167,1
DA:168,0
DA:169,0
DA:170,0
DA:171,0
DA:172,0
DA:175,0
DA:176,0
DA:178,0
DA:179,0
DA:182,0
DA:185,0
DA:189,1
DA:190,1
LF:97
LH:40
BRDA:10,0,0,3
BRDA:10,0,1,5
BRDA:10,1,0,8
BRDA:10,1,1,5
BRDA:20,2,0,5
BRDA:20,2,1,0
BRDA:24,3,0,1
BRDA:24,3,1,4
BRDA:24,4,0,5
BRDA:24,4,1,4
BRDA:33,5,0,1
BRDA:33,5,1,3
BRDA:35,6,0,1
BRDA:35,6,1,0
BRDA:42,7,0,3
BRDA:42,7,1,0
BRDA:42,8,0,3
BRDA:42,8,1,3
BRDA:55,9,0,5
BRDA:55,9,1,0
BRDA:57,10,0,20
BRDA:57,10,1,0
BRDA:70,11,0,3
BRDA:70,11,1,2
BRDA:77,12,0,1
BRDA:77,12,1,1
BRDA:84,13,0,0
BRDA:84,13,1,0
BRDA:84,14,0,0
BRDA:84,14,1,0
BRDA:89,15,0,0
BRDA:89,15,1,0
BRDA:97,16,0,0
BRDA:97,16,1,0
BRDA:104,17,0,0
BRDA:104,17,1,0
BRDA:116,18,0,0
BRDA:116,18,1,0
BRDA:125,19,0,0
BRDA:125,19,1,0
BRDA:141,20,0,0
BRDA:141,20,1,0
BRDA:148,21,0,0
BRDA:148,21,1,0
BRDA:148,22,0,0
BRDA:148,22,1,0
BRDA:158,23,0,0
BRDA:158,23,1,0
BRDA:168,24,0,0
BRDA:168,24,1,0
BRDA:169,25,0,0
BRDA:169,26,0,0
BRDA:170,27,0,0
BRDA:170,27,1,0
BRDA:170,28,0,0
BRDA:170,28,1,0
BRDA:179,29,0,0
BRDA:179,29,1,0
BRDA:189,30,0,1
BRDA:189,30,1,0
BRDA:189,31,0,1
BRDA:189,31,1,1
BRF:62
BRH:24
end_of_record
TN:
SF:src/content.js
FN:1,(anonymous_0)
FN:4,(anonymous_1)
FN:23,(anonymous_2)
FN:40,(anonymous_3)
FN:50,(anonymous_4)
FN:65,(anonymous_5)
FN:73,(anonymous_6)
FN:81,(anonymous_7)
FN:92,(anonymous_8)
FN:102,(anonymous_9)
FN:110,(anonymous_10)
FN:195,(anonymous_11)
FN:210,(anonymous_12)
FN:221,(anonymous_13)
FN:250,(anonymous_14)
FN:259,(anonymous_15)
FN:272,(anonymous_16)
FN:291,(anonymous_17)
FN:295,(anonymous_18)
FN:311,(anonymous_19)
FN:333,(anonymous_20)
FN:344,(anonymous_21)
FN:411,(anonymous_22)
FN:412,(anonymous_23)
FN:421,(anonymous_24)
FN:437,(anonymous_25)
FN:444,(anonymous_26)
FN:460,(anonymous_27)
FN:462,(anonymous_28)
FN:464,(anonymous_29)
FN:473,(anonymous_30)
FNF:31
FNH:4
FNDA:0,(anonymous_0)
FNDA:2,(anonymous_1)
FNDA:3,(anonymous_2)
FNDA:6,(anonymous_3)
FNDA:5,(anonymous_4)
FNDA:0,(anonymous_5)
FNDA:0,(anonymous_6)
FNDA:0,(anonymous_7)
FNDA:0,(anonymous_8)
FNDA:0,(anonymous_9)
FNDA:0,(anonymous_10)
FNDA:0,(anonymous_11)
FNDA:0,(anonymous_12)
FNDA:0,(anonymous_13)
FNDA:0,(anonymous_14)
FNDA:0,(anonymous_15)
FNDA:0,(anonymous_16)
FNDA:0,(anonymous_17)
FNDA:0,(anonymous_18)
FNDA:0,(anonymous_19)
FNDA:0,(anonymous_20)
FNDA:0,(anonymous_21)
FNDA:0,(anonymous_22)
FNDA:0,(anonymous_23)
FNDA:0,(anonymous_24)
FNDA:0,(anonymous_25)
FNDA:0,(anonymous_26)
FNDA:0,(anonymous_27)
FNDA:0,(anonymous_28)
FNDA:0,(anonymous_29)
FNDA:0,(anonymous_30)
DA:1,1
DA:2,0
DA:4,1
DA:8,2
DA:10,2
DA:11,1
DA:12,1
DA:13,1
DA:14,1
DA:15,1
DA:20,1
DA:23,1
DA:24,3
DA:25,3
DA:27,2
DA:32,2
DA:33,2
DA:37,1
DA:40,1
DA:41,6
DA:42,1
DA:45,5
DA:48,5
DA:49,5
DA:50,5
DA:51,5
DA:52,5
DA:57,0
DA:61,5
DA:62,5
DA:65,1
DA:66,0
DA:67,0
DA:70,0
DA:73,1
DA:75,0
DA:76,0
DA:77,0
DA:78,0
DA:81,0
DA:82,0
DA:83,0
DA:84,0
DA:85,0
DA:86,0
DA:87,0
DA:89,0
DA:90,0
DA:92,0
DA:93,0
DA:94,0
DA:97,0
DA:99,0
DA:100,0
DA:102,0
DA:103,0
DA:104,0
DA:106,0
DA:107,0
DA:110,0
DA:111,0
DA:112,0
DA:117,0
DA:118,0
DA:121,0
DA:122,0
DA:129,0
DA:130,0
DA:132,0
DA:133,0
DA:138,0
DA:140,0
DA:142,0
DA:143,0
DA:146,0
DA:147,0
DA:148,0
DA:151,0
DA:152,0
DA:153,0
DA:156,0
DA:160,0
DA:161,0
DA:162,0
DA:165,0
DA:171,0
DA:172,0
DA:175,0
DA:176,0
DA:178,0
DA:179,0
DA:180,0
DA:181,0
DA:182,0
DA:187,0
DA:188,0
DA:191,0
DA:192,0
DA:193,0
DA:195,0
DA:196,0
DA:197,0
DA:198,0
DA:199,0
DA:200,0
DA:201,0
DA:203,0
DA:208,0
DA:210,0
DA:212,0
DA:214,0
DA:217,0
DA:218,0
DA:221,1
DA:222,0
DA:224,0
DA:225,0
DA:226,0
DA:227,0
DA:231,0
DA:233,0
DA:234,0
DA:238,0
DA:239,0
DA:240,0
DA:241,0
DA:243,0
DA:245,0
DA:246,0
DA:250,1
DA:251,0
DA:253,0
DA:254,0
DA:256,0
DA:258,0
DA:259,0
DA:260,0
DA:261,0
DA:264,0
DA:265,0
DA:267,0
DA:268,0
DA:269,0
DA:271,0
DA:272,0
DA:273,0
DA:274,0
DA:277,0
DA:278,0
DA:288,0
DA:291,1
DA:292,0
DA:293,0
DA:295,0
DA:296,0
DA:297,0
DA:298,0
DA:299,0
DA:300,0
DA:305,0
DA:306,0
DA:308,0
DA:311,1
DA:314,0
DA:323,0
DA:326,0
DA:328,0
DA:330,0
DA:333,0
DA:334,0
DA:335,0
DA:336,0
DA:337,0
DA:338,0
DA:339,0
DA:341,0
DA:342,0
DA:344,0
DA:345,0
DA:346,0
DA:347,0
DA:348,0
DA:349,0
DA:350,0
DA:355,0
DA:356,0
DA:358,0
DA:359,0
DA:364,0
DA:367,0
DA:368,0
DA:370,0
DA:372,0
DA:373,0
DA:374,0
DA:376,0
DA:377,0
DA:378,0
DA:383,0
DA:384,0
DA:385,0
DA:386,0
DA:387,0
DA:391,0
DA:392,0
DA:393,0
DA:394,0
DA:395,0
DA:396,0
DA:398,0
DA:399,0
DA:400,0
DA:401,0
DA:408,0
DA:409,0
DA:410,0
DA:411,0
DA:412,0
DA:416,0
DA:417,0
DA:418,0
DA:421,1
DA:422,0
DA:423,0
DA:424,0
DA:426,0
DA:431,0
DA:434,0
DA:435,0
DA:437,0
DA:438,0
DA:440,0
DA:445,0
DA:446,0
DA:452,0
DA:455,0
DA:456,0
DA:460,0
DA:462,0
DA:464,0
DA:465,0
DA:466,0
DA:474,0
DA:475,0
DA:481,0
DA:486,1
DA:487,1
LF:247
LH:37
BRDA:2,0,0,0
BRDA:2,0,1,0
BRDA:2,0,2,0
BRDA:10,1,0,1
BRDA:10,1,1,1
BRDA:12,2,0,1
BRDA:12,2,1,0
BRDA:14,3,0,1
BRDA:14,3,1,0
BRDA:25,4,0,2
BRDA:25,4,1,1
BRDA:25,5,0,3
BRDA:25,5,1,2
BRDA:32,6,0,2
BRDA:32,6,1,0
BRDA:37,7,0,1
BRDA:37,7,1,0
BRDA:41,8,0,1
BRDA:41,8,1,5
BRDA:49,9,0,5
BRDA:49,9,1,0
BRDA:51,10,0,5
BRDA:51,10,1,0
BRDA:51,11,0,5
BRDA:51,11,1,5
BRDA:66,12,0,0
BRDA:66,12,1,0
BRDA:75,13,0,0
BRDA:75,13,1,0
BRDA:100,14,0,0
BRDA:100,14,1,0
BRDA:104,15,0,0
BRDA:104,15,1,0
BRDA:117,16,0,0
BRDA:117,16,1,0
BRDA:117,17,0,0
BRDA:117,17,1,0
BRDA:142,18,0,0
BRDA:142,18,1,0
BRDA:147,19,0,0
BRDA:147,19,1,0
BRDA:160,20,0,0
BRDA:160,20,1,0
BRDA:178,21,0,0
BRDA:178,21,1,0
BRDA:178,22,0,0
BRDA:178,22,1,0
BRDA:178,22,2,0
BRDA:187,23,0,0
BRDA:187,23,1,0
BRDA:217,24,0,0
BRDA:217,24,1,0
BRDA:225,25,0,0
BRDA:225,25,1,0
BRDA:233,26,0,0
BRDA:233,26,1,0
BRDA:240,27,0,0
BRDA:240,27,1,0
BRDA:243,28,0,0
BRDA:243,28,1,0
BRDA:256,29,0,0
BRDA:256,29,1,0
BRDA:264,30,0,0
BRDA:264,30,1,0
BRDA:267,31,0,0
BRDA:267,31,1,0
BRDA:277,32,0,0
BRDA:277,32,1,0
BRDA:297,33,0,0
BRDA:297,33,1,0
BRDA:299,34,0,0
BRDA:299,34,1,0
BRDA:306,35,0,0
BRDA:306,35,1,0
BRDA:314,36,0,0
BRDA:314,36,1,0
BRDA:326,37,0,0
BRDA:326,37,1,0
BRDA:328,38,0,0
BRDA:328,38,1,0
BRDA:346,39,0,0
BRDA:346,39,1,0
BRDA:349,40,0,0
BRDA:349,40,1,0
BRDA:372,41,0,0
BRDA:372,41,1,0
BRDA:374,42,0,0
BRDA:374,42,1,0
BRDA:376,43,0,0
BRDA:376,43,1,0
BRDA:377,44,0,0
BRDA:377,44,1,0
BRDA:384,45,0,0
BRDA:384,45,1,0
BRDA:392,46,0,0
BRDA:392,46,1,0
BRDA:394,47,0,0
BRDA:394,47,1,0
BRDA:398,48,0,0
BRDA:398,48,1,0
BRDA:400,49,0,0
BRDA:400,49,1,0
BRDA:408,50,0,0
BRDA:408,50,1,0
BRDA:422,51,0,0
BRDA:422,51,1,0
BRDA:424,52,0,0
BRDA:424,52,1,0
BRDA:434,53,0,0
BRDA:434,53,1,0
BRDA:435,54,0,0
BRDA:435,54,1,0
BRDA:455,55,0,0
BRDA:455,55,1,0
BRDA:456,56,0,0
BRDA:456,56,1,0
BRDA:456,57,0,0
BRDA:456,57,1,0
BRDA:465,58,0,0
BRDA:465,58,1,0
BRDA:477,59,0,0
BRDA:477,59,1,0
BRDA:486,60,0,1
BRDA:486,60,1,0
BRDA:486,61,0,1
BRDA:486,61,1,1
BRF:126
BRH:19
end_of_record
TN:
SF:src/utils.js
FNF:0
FNH:0
DA:7,1
DA:36,1
DA:46,1
DA:47,0
DA:48,0
DA:51,1
DA:52,0
DA:53,0
DA:56,1
DA:57,1
LF:10
LH:6
BRDA:46,0,0,0
BRDA:46,0,1,1
BRDA:51,1,0,0
BRDA:51,1,1,1
BRDA:56,2,0,1
BRDA:56,2,1,0
BRDA:56,3,0,1
BRDA:56,3,1,1
BRF:8
BRH:5
end_of_record
