TN:
SF:src/background.js
FN:9,(anonymous_0)
FN:23,(anonymous_1)
FN:52,(anonymous_2)
FN:56,(anonymous_3)
FN:83,(anonymous_4)
FN:95,(anonymous_5)
FN:96,(anonymous_6)
FN:118,(anonymous_7)
FN:140,(anonymous_8)
FN:167,(anonymous_9)
FN:176,(anonymous_10)
FN:177,(anonymous_11)
FNF:12
FNH:4
FNDA:8,(anonymous_0)
FNDA:5,(anonymous_1)
FNDA:5,(anonymous_2)
FNDA:20,(anonymous_3)
FNDA:0,(anonymous_4)
FNDA:0,(anonymous_5)
FNDA:0,(anonymous_6)
FNDA:0,(anonymous_7)
FNDA:0,(anonymous_8)
FNDA:0,(anonymous_9)
FNDA:0,(anonymous_10)
FNDA:0,(anonymous_11)
DA:1,1
DA:2,1
DA:4,1
DA:7,1
DA:9,1
DA:10,8
DA:11,3
DA:14,5
DA:20,5
DA:23,1
DA:24,5
DA:25,1
DA:28,4
DA:29,4
DA:32,4
DA:33,4
DA:34,1
DA:35,1
DA:36,1
DA:40,3
DA:41,3
DA:42,3
DA:43,3
DA:46,0
DA:49,0
DA:52,1
DA:54,5
DA:55,5
DA:56,5
DA:57,20
DA:61,0
DA:64,5
DA:67,5
DA:68,5
DA:69,5
DA:70,5
DA:76,2
DA:77,2
DA:80,1
DA:83,1
DA:84,0
DA:85,0
DA:86,0
DA:89,0
DA:90,0
DA:92,0
DA:93,0
DA:95,0
DA:96,0
DA:97,0
DA:98,0
DA:99,0
DA:100,0
DA:102,0
DA:103,0
DA:104,0
DA:105,0
DA:107,0
DA:110,0
DA:113,0
DA:115,0
DA:116,0
DA:117,0
DA:118,0
DA:119,0
DA:120,0
DA:122,0
DA:125,0
DA:126,0
DA:129,0
DA:131,0
DA:133,0
DA:141,0
DA:142,0
DA:144,0
DA:147,0
DA:148,0
DA:149,0
DA:151,0
DA:158,0
DA:159,0
DA:160,0
DA:163,0
DA:167,1
DA:168,0
DA:169,0
DA:170,0
DA:171,0
DA:172,0
DA:175,0
DA:176,0
DA:178,0
DA:179,0
DA:182,0
DA:185,0
DA:189,1
DA:190,1
LF:97
LH:40
BRDA:10,0,0,3
BRDA:10,0,1,5
BRDA:10,1,0,8
BRDA:10,1,1,5
BRDA:20,2,0,5
BRDA:20,2,1,0
BRDA:24,3,0,1
BRDA:24,3,1,4
BRDA:24,4,0,5
BRDA:24,4,1,4
BRDA:33,5,0,1
BRDA:33,5,1,3
BRDA:35,6,0,1
BRDA:35,6,1,0
BRDA:42,7,0,3
BRDA:42,7,1,0
BRDA:42,8,0,3
BRDA:42,8,1,3
BRDA:55,9,0,5
BRDA:55,9,1,0
BRDA:57,10,0,20
BRDA:57,10,1,0
BRDA:70,11,0,3
BRDA:70,11,1,2
BRDA:77,12,0,1
BRDA:77,12,1,1
BRDA:84,13,0,0
BRDA:84,13,1,0
BRDA:84,14,0,0
BRDA:84,14,1,0
BRDA:89,15,0,0
BRDA:89,15,1,0
BRDA:97,16,0,0
BRDA:97,16,1,0
BRDA:104,17,0,0
BRDA:104,17,1,0
BRDA:116,18,0,0
BRDA:116,18,1,0
BRDA:125,19,0,0
BRDA:125,19,1,0
BRDA:141,20,0,0
BRDA:141,20,1,0
BRDA:148,21,0,0
BRDA:148,21,1,0
BRDA:148,22,0,0
BRDA:148,22,1,0
BRDA:158,23,0,0
BRDA:158,23,1,0
BRDA:168,24,0,0
BRDA:168,24,1,0
BRDA:169,25,0,0
BRDA:169,26,0,0
BRDA:170,27,0,0
BRDA:170,27,1,0
BRDA:170,28,0,0
BRDA:170,28,1,0
BRDA:179,29,0,0
BRDA:179,29,1,0
BRDA:189,30,0,1
BRDA:189,30,1,0
BRDA:189,31,0,1
BRDA:189,31,1,1
BRF:62
BRH:24
end_of_record
TN:
SF:src/content.js
FN:9,(anonymous_0)
FN:12,(anonymous_1)
FN:31,(anonymous_2)
FN:48,(anonymous_3)
FN:58,(anonymous_4)
FN:73,(anonymous_5)
FN:81,(anonymous_6)
FN:89,(anonymous_7)
FN:100,(anonymous_8)
FN:110,(anonymous_9)
FN:118,(anonymous_10)
FN:203,(anonymous_11)
FN:218,(anonymous_12)
FN:229,(anonymous_13)
FN:258,(anonymous_14)
FN:267,(anonymous_15)
FN:280,(anonymous_16)
FN:299,(anonymous_17)
FN:303,(anonymous_18)
FN:319,(anonymous_19)
FN:341,(anonymous_20)
FN:352,(anonymous_21)
FN:419,(anonymous_22)
FN:420,(anonymous_23)
FN:429,(anonymous_24)
FN:445,(anonymous_25)
FN:452,(anonymous_26)
FN:468,(anonymous_27)
FN:470,(anonymous_28)
FN:472,(anonymous_29)
FN:481,(anonymous_30)
FNF:31
FNH:4
FNDA:0,(anonymous_0)
FNDA:2,(anonymous_1)
FNDA:3,(anonymous_2)
FNDA:6,(anonymous_3)
FNDA:5,(anonymous_4)
FNDA:0,(anonymous_5)
FNDA:0,(anonymous_6)
FNDA:0,(anonymous_7)
FNDA:0,(anonymous_8)
FNDA:0,(anonymous_9)
FNDA:0,(anonymous_10)
FNDA:0,(anonymous_11)
FNDA:0,(anonymous_12)
FNDA:0,(anonymous_13)
FNDA:0,(anonymous_14)
FNDA:0,(anonymous_15)
FNDA:0,(anonymous_16)
FNDA:0,(anonymous_17)
FNDA:0,(anonymous_18)
FNDA:0,(anonymous_19)
FNDA:0,(anonymous_20)
FNDA:0,(anonymous_21)
FNDA:0,(anonymous_22)
FNDA:0,(anonymous_23)
FNDA:0,(anonymous_24)
FNDA:0,(anonymous_25)
FNDA:0,(anonymous_26)
FNDA:0,(anonymous_27)
FNDA:0,(anonymous_28)
FNDA:0,(anonymous_29)
FNDA:0,(anonymous_30)
DA:1,1
DA:2,0
DA:3,0
DA:5,0
DA:9,1
DA:10,0
DA:12,1
DA:16,2
DA:18,2
DA:19,1
DA:20,1
DA:21,1
DA:22,1
DA:23,1
DA:28,1
DA:31,1
DA:32,3
DA:33,3
DA:35,2
DA:40,2
DA:41,2
DA:45,1
DA:48,1
DA:49,6
DA:50,1
DA:53,5
DA:56,5
DA:57,5
DA:58,5
DA:59,5
DA:60,5
DA:65,0
DA:69,5
DA:70,5
DA:73,1
DA:74,0
DA:75,0
DA:78,0
DA:81,1
DA:83,0
DA:84,0
DA:85,0
DA:86,0
DA:89,0
DA:90,0
DA:91,0
DA:92,0
DA:93,0
DA:94,0
DA:95,0
DA:97,0
DA:98,0
DA:100,0
DA:101,0
DA:102,0
DA:105,0
DA:107,0
DA:108,0
DA:110,0
DA:111,0
DA:112,0
DA:114,0
DA:115,0
DA:118,0
DA:119,0
DA:120,0
DA:125,0
DA:126,0
DA:129,0
DA:130,0
DA:137,0
DA:138,0
DA:140,0
DA:141,0
DA:146,0
DA:148,0
DA:150,0
DA:151,0
DA:154,0
DA:155,0
DA:156,0
DA:159,0
DA:160,0
DA:161,0
DA:164,0
DA:168,0
DA:169,0
DA:170,0
DA:173,0
DA:179,0
DA:180,0
DA:183,0
DA:184,0
DA:186,0
DA:187,0
DA:188,0
DA:189,0
DA:190,0
DA:195,0
DA:196,0
DA:199,0
DA:200,0
DA:201,0
DA:203,0
DA:204,0
DA:205,0
DA:206,0
DA:207,0
DA:208,0
DA:209,0
DA:211,0
DA:216,0
DA:218,0
DA:220,0
DA:222,0
DA:225,0
DA:226,0
DA:229,1
DA:230,0
DA:232,0
DA:233,0
DA:234,0
DA:235,0
DA:239,0
DA:241,0
DA:242,0
DA:246,0
DA:247,0
DA:248,0
DA:249,0
DA:251,0
DA:253,0
DA:254,0
DA:258,1
DA:259,0
DA:261,0
DA:262,0
DA:264,0
DA:266,0
DA:267,0
DA:268,0
DA:269,0
DA:272,0
DA:273,0
DA:275,0
DA:276,0
DA:277,0
DA:279,0
DA:280,0
DA:281,0
DA:282,0
DA:285,0
DA:286,0
DA:296,0
DA:299,1
DA:300,0
DA:301,0
DA:303,0
DA:304,0
DA:305,0
DA:306,0
DA:307,0
DA:308,0
DA:313,0
DA:314,0
DA:316,0
DA:319,1
DA:322,0
DA:331,0
DA:334,0
DA:336,0
DA:338,0
DA:341,0
DA:342,0
DA:343,0
DA:344,0
DA:345,0
DA:346,0
DA:347,0
DA:349,0
DA:350,0
DA:352,0
DA:353,0
DA:354,0
DA:355,0
DA:356,0
DA:357,0
DA:358,0
DA:363,0
DA:364,0
DA:366,0
DA:367,0
DA:372,0
DA:375,0
DA:376,0
DA:378,0
DA:380,0
DA:381,0
DA:382,0
DA:384,0
DA:385,0
DA:386,0
DA:391,0
DA:392,0
DA:393,0
DA:394,0
DA:395,0
DA:399,0
DA:400,0
DA:401,0
DA:402,0
DA:403,0
DA:404,0
DA:406,0
DA:407,0
DA:408,0
DA:409,0
DA:416,0
DA:417,0
DA:418,0
DA:419,0
DA:420,0
DA:424,0
DA:425,0
DA:426,0
DA:429,1
DA:430,0
DA:431,0
DA:432,0
DA:434,0
DA:439,0
DA:442,0
DA:443,0
DA:445,0
DA:446,0
DA:448,0
DA:453,0
DA:454,0
DA:460,0
DA:463,0
DA:464,0
DA:468,0
DA:470,0
DA:472,0
DA:473,0
DA:474,0
DA:482,0
DA:483,0
DA:489,0
DA:494,1
DA:495,1
LF:251
LH:38
BRDA:1,0,0,0
BRDA:1,0,1,1
BRDA:2,1,0,0
BRDA:2,1,1,0
BRDA:10,2,0,0
BRDA:10,2,1,0
BRDA:10,2,2,0
BRDA:18,3,0,1
BRDA:18,3,1,1
BRDA:20,4,0,1
BRDA:20,4,1,0
BRDA:22,5,0,1
BRDA:22,5,1,0
BRDA:33,6,0,2
BRDA:33,6,1,1
BRDA:33,7,0,3
BRDA:33,7,1,2
BRDA:40,8,0,2
BRDA:40,8,1,0
BRDA:45,9,0,1
BRDA:45,9,1,0
BRDA:49,10,0,1
BRDA:49,10,1,5
BRDA:57,11,0,5
BRDA:57,11,1,0
BRDA:59,12,0,5
BRDA:59,12,1,0
BRDA:59,13,0,5
BRDA:59,13,1,5
BRDA:74,14,0,0
BRDA:74,14,1,0
BRDA:83,15,0,0
BRDA:83,15,1,0
BRDA:108,16,0,0
BRDA:108,16,1,0
BRDA:112,17,0,0
BRDA:112,17,1,0
BRDA:125,18,0,0
BRDA:125,18,1,0
BRDA:125,19,0,0
BRDA:125,19,1,0
BRDA:150,20,0,0
BRDA:150,20,1,0
BRDA:155,21,0,0
BRDA:155,21,1,0
BRDA:168,22,0,0
BRDA:168,22,1,0
BRDA:186,23,0,0
BRDA:186,23,1,0
BRDA:186,24,0,0
BRDA:186,24,1,0
BRDA:186,24,2,0
BRDA:195,25,0,0
BRDA:195,25,1,0
BRDA:225,26,0,0
BRDA:225,26,1,0
BRDA:233,27,0,0
BRDA:233,27,1,0
BRDA:241,28,0,0
BRDA:241,28,1,0
BRDA:248,29,0,0
BRDA:248,29,1,0
BRDA:251,30,0,0
BRDA:251,30,1,0
BRDA:264,31,0,0
BRDA:264,31,1,0
BRDA:272,32,0,0
BRDA:272,32,1,0
BRDA:275,33,0,0
BRDA:275,33,1,0
BRDA:285,34,0,0
BRDA:285,34,1,0
BRDA:305,35,0,0
BRDA:305,35,1,0
BRDA:307,36,0,0
BRDA:307,36,1,0
BRDA:314,37,0,0
BRDA:314,37,1,0
BRDA:322,38,0,0
BRDA:322,38,1,0
BRDA:334,39,0,0
BRDA:334,39,1,0
BRDA:336,40,0,0
BRDA:336,40,1,0
BRDA:354,41,0,0
BRDA:354,41,1,0
BRDA:357,42,0,0
BRDA:357,42,1,0
BRDA:380,43,0,0
BRDA:380,43,1,0
BRDA:382,44,0,0
BRDA:382,44,1,0
BRDA:384,45,0,0
BRDA:384,45,1,0
BRDA:385,46,0,0
BRDA:385,46,1,0
BRDA:392,47,0,0
BRDA:392,47,1,0
BRDA:400,48,0,0
BRDA:400,48,1,0
BRDA:402,49,0,0
BRDA:402,49,1,0
BRDA:406,50,0,0
BRDA:406,50,1,0
BRDA:408,51,0,0
BRDA:408,51,1,0
BRDA:416,52,0,0
BRDA:416,52,1,0
BRDA:430,53,0,0
BRDA:430,53,1,0
BRDA:432,54,0,0
BRDA:432,54,1,0
BRDA:442,55,0,0
BRDA:442,55,1,0
BRDA:443,56,0,0
BRDA:443,56,1,0
BRDA:463,57,0,0
BRDA:463,57,1,0
BRDA:464,58,0,0
BRDA:464,58,1,0
BRDA:464,59,0,0
BRDA:464,59,1,0
BRDA:473,60,0,0
BRDA:473,60,1,0
BRDA:485,61,0,0
BRDA:485,61,1,0
BRDA:494,62,0,1
BRDA:494,62,1,0
BRDA:494,63,0,1
BRDA:494,63,1,1
BRF:130
BRH:20
end_of_record
TN:
SF:src/utils.js
FNF:0
FNH:0
DA:7,1
DA:36,1
DA:46,1
DA:47,0
DA:48,0
DA:51,1
DA:52,0
DA:53,0
DA:56,1
DA:57,1
LF:10
LH:6
BRDA:46,0,0,0
BRDA:46,0,1,1
BRDA:51,1,0,0
BRDA:51,1,1,1
BRDA:56,2,0,1
BRDA:56,2,1,0
BRDA:56,3,0,1
BRDA:56,3,1,1
BRF:8
BRH:5
end_of_record
